#
# There is insufficient memory for the Java Runtime Environment to continue.
# Native memory allocation (malloc) failed to allocate 1299216 bytes for Chunk::new
# Possible reasons:
#   The system is out of physical RAM or swap space
#   In 32 bit mode, the process size limit was hit
# Possible solutions:
#   Reduce memory load on the system
#   Increase physical memory or swap space
#   Check if swap backing store is full
#   Use 64 bit Java on a 64 bit OS
#   Decrease Java heap size (-Xmx/-Xms)
#   Decrease number of Java threads
#   Decrease Java thread stack sizes (-Xss)
#   Set larger code cache with -XX:ReservedCodeCacheSize=
# This output file may be truncated or incomplete.
#
#  Out of Memory Error (allocation.cpp:390), pid=12436, tid=0x00000000000017b8
#
# JRE version: OpenJDK Runtime Environment (8.0_76-b03) (build 1.8.0_76-release-b03)
# Java VM: OpenJDK 64-Bit Server VM (25.76-b03 mixed mode windows-amd64 compressed oops)
# Failed to write core dump. Minidumps are not enabled by default on client versions of Windows
#

---------------  T H R E A D  ---------------

Current thread (0x000000001602c000):  JavaThread "C2 CompilerThread1" daemon [_thread_in_native, id=6072, stack(0x0000000017770000,0x0000000017870000)]

Stack: [0x0000000017770000,0x0000000017870000]
[error occurred during error reporting (printing stack bounds), id 0xc0000005]

Native frames: (J=compiled Java code, j=interpreted, Vv=VM code, C=native code)


Current CompileTask:
C2:2042479 18223   !   4       com.android.dx.cf.code.BytecodeArray::parseInstruction (2764 bytes)


---------------  P R O C E S S  ---------------

Java Threads: ( => current thread )
  0x000000001f69b800 JavaThread "pool-50-thread-4" [_thread_new, id=13832, stack(0x0000000000000000,0x0000000000000000)]
  0x000000001f697000 JavaThread "pool-50-thread-3" [_thread_new, id=12132, stack(0x0000000000000000,0x0000000000000000)]
  0x000000001f68f800 JavaThread "pool-50-thread-2" [_thread_new, id=11872, stack(0x0000000000000000,0x0000000000000000)]
  0x000000001f692800 JavaThread "pool-51-thread-1" [_thread_new, id=12824, stack(0x0000000000000000,0x0000000000000000)]
  0x000000001f696000 JavaThread "pool-50-thread-1" [_thread_new, id=10180, stack(0x0000000000000000,0x0000000000000000)]
  0x000000001f694000 JavaThread "pool-25-thread-1" [_thread_in_vm, id=10856, stack(0x000000003e2b0000,0x000000003e3b0000)]
  0x000000001f690000 JavaThread "pool-44-thread-4" [_thread_blocked, id=13716, stack(0x000000003dcb0000,0x000000003ddb0000)]
  0x000000001f695800 JavaThread "pool-44-thread-3" [_thread_blocked, id=12408, stack(0x000000003dbb0000,0x000000003dcb0000)]
  0x000000001f691000 JavaThread "pool-44-thread-2" [_thread_blocked, id=13132, stack(0x000000003dab0000,0x000000003dbb0000)]
  0x000000001f693000 JavaThread "pool-45-thread-1" [_thread_blocked, id=12604, stack(0x000000003d9b0000,0x000000003dab0000)]
  0x000000001f694800 JavaThread "pool-44-thread-1" [_thread_blocked, id=8304, stack(0x000000003d8b0000,0x000000003d9b0000)]
  0x000000001f69d800 JavaThread "pool-35-thread-4" [_thread_blocked, id=13020, stack(0x000000003d0b0000,0x000000003d1b0000)]
  0x000000001f69c000 JavaThread "pool-35-thread-3" [_thread_blocked, id=9592, stack(0x000000003cfb0000,0x000000003d0b0000)]
  0x000000001f69a000 JavaThread "pool-35-thread-2" [_thread_in_Java, id=13284, stack(0x000000003ceb0000,0x000000003cfb0000)]
  0x000000001f691800 JavaThread "pool-36-thread-1" [_thread_blocked, id=2296, stack(0x000000003cdb0000,0x000000003ceb0000)]
  0x000000001f698800 JavaThread "pool-35-thread-1" [_thread_in_Java, id=8032, stack(0x000000003ccb0000,0x000000003cdb0000)]
  0x000000001beb5000 JavaThread "pool-9-thread-4" [_thread_in_vm, id=13608, stack(0x0000000039ab0000,0x0000000039bb0000)]
  0x000000001beb9800 JavaThread "pool-9-thread-3" [_thread_blocked, id=488, stack(0x00000000399b0000,0x0000000039ab0000)]
  0x000000001beb8800 JavaThread "pool-9-thread-2" [_thread_in_Java, id=1060, stack(0x00000000398b0000,0x00000000399b0000)]
  0x000000001bead000 JavaThread "pool-9-thread-1" [_thread_blocked, id=13560, stack(0x00000000397b0000,0x00000000398b0000)]
  0x000000001beb4000 JavaThread "pool-3-thread-4" [_thread_blocked, id=5756, stack(0x0000000023eb0000,0x0000000023fb0000)]
  0x000000001beae000 JavaThread "pool-3-thread-3" [_thread_blocked, id=11856, stack(0x0000000023db0000,0x0000000023eb0000)]
  0x000000001beac800 JavaThread "pool-3-thread-2" [_thread_blocked, id=7156, stack(0x0000000023cb0000,0x0000000023db0000)]
  0x000000001beb3800 JavaThread "pool-3-thread-1" [_thread_blocked, id=4248, stack(0x0000000023bb0000,0x0000000023cb0000)]
  0x000000001beb2800 JavaThread "Stdin handler" [_thread_blocked, id=10776, stack(0x0000000023ab0000,0x0000000023bb0000)]
  0x000000001beae800 JavaThread "Asynchronous log dispatcher for org.gradle.launcher.daemon.server.DefaultDaemonConnection@371ab85d" [_thread_blocked, id=12028, stack(0x00000000239b0000,0x0000000023ab0000)]
  0x000000001beb2000 JavaThread "Daemon worker Thread 4" [_thread_blocked, id=3300, stack(0x00000000238b0000,0x00000000239b0000)]
  0x000000001beab000 JavaThread "Cancel handler" [_thread_blocked, id=13040, stack(0x00000000237b0000,0x00000000238b0000)]
  0x000000001beaf800 JavaThread "Handler for socket connection from /127.0.0.1:52199 to /127.0.0.1:52606" [_thread_in_native, id=2484, stack(0x00000000236b0000,0x00000000237b0000)]
  0x000000001beaa000 JavaThread "Daemon Thread 4" [_thread_blocked, id=8952, stack(0x00000000235b0000,0x00000000236b0000)]
  0x000000001960e000 JavaThread "File lock request listener" [_thread_in_native, id=7024, stack(0x000000001bb10000,0x000000001bc10000)]
  0x0000000018b85800 JavaThread "pool-1-thread-1" [_thread_blocked, id=13232, stack(0x0000000019e40000,0x0000000019f40000)]
  0x0000000018b7c000 JavaThread "Incoming local TCP Connector on port 52199" [_thread_in_native, id=13924, stack(0x0000000019740000,0x0000000019840000)]
  0x0000000017998800 JavaThread "Service Thread" daemon [_thread_blocked, id=11472, stack(0x0000000017d70000,0x0000000017e70000)]
  0x000000001603a000 JavaThread "C1 CompilerThread2" daemon [_thread_blocked, id=13308, stack(0x0000000017870000,0x0000000017970000)]
=>0x000000001602c000 JavaThread "C2 CompilerThread1" daemon [_thread_in_native, id=6072, stack(0x0000000017770000,0x0000000017870000)]
  0x000000001602a000 JavaThread "C2 CompilerThread0" daemon [_thread_in_native, id=7664, stack(0x0000000017670000,0x0000000017770000)]
  0x0000000016029000 JavaThread "Attach Listener" daemon [_thread_blocked, id=11084, stack(0x0000000017570000,0x0000000017670000)]
  0x0000000016035800 JavaThread "Signal Dispatcher" daemon [_thread_blocked, id=14208, stack(0x0000000017470000,0x0000000017570000)]
  0x0000000016018800 JavaThread "Finalizer" daemon [_thread_blocked, id=9712, stack(0x0000000017280000,0x0000000017380000)]
  0x00000000026b1800 JavaThread "Reference Handler" daemon [_thread_blocked, id=12044, stack(0x0000000017180000,0x0000000017280000)]
  0x00000000025c0800 JavaThread "main" [_thread_blocked, id=6416, stack(0x0000000002430000,0x0000000002530000)]

Other Threads:
  0x0000000015ff4800 VMThread [stack: 0x0000000017080000,0x0000000017180000] [id=13620]
  0x00000000179bd000 WatcherThread [stack: 0x0000000017e70000,0x0000000017f70000] [id=5368]

VM state:not at safepoint (normal execution)

VM Mutex/Monitor currently owned by a thread:  ([mutex/lock_event])
[0x00000000025bbdd0] Threads_lock - owner thread: 0x000000001beb5000

Heap:
 PSYoungGen      total 342528K, used 67391K [0x00000000e0000000, 0x00000000fa880000, 0x0000000100000000)
  eden space 297472K, 22% used [0x00000000e0000000,0x00000000e41cfc10,0x00000000f2280000)
  from space 45056K, 0% used [0x00000000f5d80000,0x00000000f5d80000,0x00000000f8980000)
  to   space 60416K, 0% used [0x00000000f2280000,0x00000000f2280000,0x00000000f5d80000)
 ParOldGen       total 248320K, used 123980K [0x00000000a0000000, 0x00000000af280000, 0x00000000e0000000)
  object space 248320K, 49% used [0x00000000a0000000,0x00000000a7913078,0x00000000af280000)
 Metaspace       used 78814K, capacity 82498K, committed 84224K, reserved 1122304K
  class space    used 9983K, capacity 10704K, committed 11008K, reserved 1048576K

Card table byte_map: [0x0000000011a80000,0x0000000011d90000] byte_map_base: 0x0000000011580000

Marking Bits: (ParMarkBitMap*) 0x00000000715b9d00
 Begin Bits: [0x0000000012390000, 0x0000000013b90000)
 End Bits:   [0x0000000013b90000, 0x0000000015390000)

Polling page: 0x0000000002400000

CodeCache: size=245760Kb used=52531Kb max_used=52531Kb free=193228Kb
 bounds [0x00000000026c0000, 0x0000000005a80000, 0x00000000116c0000]
 total_blobs=15476 nmethods=14671 adapters=716
 compilation: enabled

Compilation events (10 events):
Event: 2042.047 Thread 0x000000001602a000 nmethod 18296 0x000000000393cbd0 code [0x000000000393cd20, 0x000000000393d1b8]
Event: 2042.047 Thread 0x000000001602a000 17602       4       com.android.dx.dex.code.RopTranslator::outputBlock (202 bytes)
Event: 2042.047 Thread 0x000000001603a000 18299       2       com.android.dx.dex.file.Section::validateAlignment (23 bytes)
Event: 2042.048 Thread 0x000000001603a000 nmethod 18299 0x00000000057229d0 code [0x0000000005722b40, 0x0000000005722d28]
Event: 2042.055 Thread 0x000000001603a000 18301       3       com.android.dx.rop.code.LocalVariableExtractor::processBlock (327 bytes)
Event: 2042.059 Thread 0x000000001603a000 nmethod 18301 0x0000000005a70b90 code [0x0000000005a71020, 0x0000000005a74c78]
Event: 2042.071 Thread 0x000000001603a000 18302       2       java.util.concurrent.ThreadPoolExecutor::isShutdown (19 bytes)
Event: 2042.071 Thread 0x000000001603a000 nmethod 18302 0x000000000393c850 code [0x000000000393c9a0, 0x000000000393cb10]
Event: 2042.071 Thread 0x000000001603a000 18303       2       java.util.concurrent.ThreadPoolExecutor$CallerRunsPolicy::rejectedExecution (14 bytes)
Event: 2042.071 Thread 0x000000001603a000 nmethod 18303 0x000000000393c450 code [0x000000000393c5c0, 0x000000000393c748]

GC Heap History (10 events):
Event: 2036.863 GC heap before
{Heap before GC invocations=29 (full 6):
 PSYoungGen      total 206848K, used 197339K [0x00000000e0000000, 0x00000000ef480000, 0x0000000100000000)
  eden space 184832K, 100% used [0x00000000e0000000,0x00000000eb480000,0x00000000eb480000)
  from space 22016K, 56% used [0x00000000eca00000,0x00000000ed636f00,0x00000000edf80000)
  to   space 22016K, 0% used [0x00000000eb480000,0x00000000eb480000,0x00000000eca00000)
 ParOldGen       total 125952K, used 57890K [0x00000000a0000000, 0x00000000a7b00000, 0x00000000e0000000)
  object space 125952K, 45% used [0x00000000a0000000,0x00000000a38889b0,0x00000000a7b00000)
 Metaspace       used 79044K, capacity 83148K, committed 83456K, reserved 1122304K
  class space    used 10143K, capacity 10975K, committed 11008K, reserved 1048576K
Event: 2036.955 GC heap after
Heap after GC invocations=29 (full 6):
 PSYoungGen      total 206848K, used 21993K [0x00000000e0000000, 0x00000000f2400000, 0x0000000100000000)
  eden space 184832K, 0% used [0x00000000e0000000,0x00000000e0000000,0x00000000eb480000)
  from space 22016K, 99% used [0x00000000eb480000,0x00000000ec9fa738,0x00000000eca00000)
  to   space 27136K, 0% used [0x00000000f0980000,0x00000000f0980000,0x00000000f2400000)
 ParOldGen       total 125952K, used 64878K [0x00000000a0000000, 0x00000000a7b00000, 0x00000000e0000000)
  object space 125952K, 51% used [0x00000000a0000000,0x00000000a3f5b898,0x00000000a7b00000)
 Metaspace       used 79044K, capacity 83148K, committed 83456K, reserved 1122304K
  class space    used 10143K, capacity 10975K, committed 11008K, reserved 1048576K
}
Event: 2038.351 GC heap before
{Heap before GC invocations=30 (full 6):
 PSYoungGen      total 206848K, used 206825K [0x00000000e0000000, 0x00000000f2400000, 0x0000000100000000)
  eden space 184832K, 100% used [0x00000000e0000000,0x00000000eb480000,0x00000000eb480000)
  from space 22016K, 99% used [0x00000000eb480000,0x00000000ec9fa738,0x00000000eca00000)
  to   space 27136K, 0% used [0x00000000f0980000,0x00000000f0980000,0x00000000f2400000)
 ParOldGen       total 125952K, used 64878K [0x00000000a0000000, 0x00000000a7b00000, 0x00000000e0000000)
  object space 125952K, 51% used [0x00000000a0000000,0x00000000a3f5b898,0x00000000a7b00000)
 Metaspace       used 79619K, capacity 83726K, committed 83968K, reserved 1122304K
  class space    used 10163K, capacity 10976K, committed 11008K, reserved 1048576K
Event: 2038.416 GC heap after
Heap after GC invocations=30 (full 6):
 PSYoungGen      total 264704K, used 27131K [0x00000000e0000000, 0x00000000f3080000, 0x0000000100000000)
  eden space 237568K, 0% used [0x00000000e0000000,0x00000000e0000000,0x00000000ee800000)
  from space 27136K, 99% used [0x00000000f0980000,0x00000000f23fec90,0x00000000f2400000)
  to   space 34304K, 0% used [0x00000000ee800000,0x00000000ee800000,0x00000000f0980000)
 ParOldGen       total 125952K, used 73293K [0x00000000a0000000, 0x00000000a7b00000, 0x00000000e0000000)
  object space 125952K, 58% used [0x00000000a0000000,0x00000000a4793638,0x00000000a7b00000)
 Metaspace       used 79619K, capacity 83726K, committed 83968K, reserved 1122304K
  class space    used 10163K, capacity 10976K, committed 11008K, reserved 1048576K
}
Event: 2039.661 GC heap before
{Heap before GC invocations=31 (full 6):
 PSYoungGen      total 264704K, used 264699K [0x00000000e0000000, 0x00000000f3080000, 0x0000000100000000)
  eden space 237568K, 100% used [0x00000000e0000000,0x00000000ee800000,0x00000000ee800000)
  from space 27136K, 99% used [0x00000000f0980000,0x00000000f23fec90,0x00000000f2400000)
  to   space 34304K, 0% used [0x00000000ee800000,0x00000000ee800000,0x00000000f0980000)
 ParOldGen       total 125952K, used 73293K [0x00000000a0000000, 0x00000000a7b00000, 0x00000000e0000000)
  object space 125952K, 58% used [0x00000000a0000000,0x00000000a4793638,0x00000000a7b00000)
 Metaspace       used 79769K, capacity 83854K, committed 83968K, reserved 1122304K
  class space    used 10163K, capacity 10976K, committed 11008K, reserved 1048576K
Event: 2039.800 GC heap after
Heap after GC invocations=31 (full 6):
 PSYoungGen      total 271872K, used 34289K [0x00000000e0000000, 0x00000000f8980000, 0x0000000100000000)
  eden space 237568K, 0% used [0x00000000e0000000,0x00000000e0000000,0x00000000ee800000)
  from space 34304K, 99% used [0x00000000ee800000,0x00000000f097c638,0x00000000f0980000)
  to   space 45056K, 0% used [0x00000000f5d80000,0x00000000f5d80000,0x00000000f8980000)
 ParOldGen       total 125952K, used 87401K [0x00000000a0000000, 0x00000000a7b00000, 0x00000000e0000000)
  object space 125952K, 69% used [0x00000000a0000000,0x00000000a555a5a0,0x00000000a7b00000)
 Metaspace       used 79769K, capacity 83854K, committed 83968K, reserved 1122304K
  class space    used 10163K, capacity 10976K, committed 11008K, reserved 1048576K
}
Event: 2040.768 GC heap before
{Heap before GC invocations=32 (full 6):
 PSYoungGen      total 271872K, used 271857K [0x00000000e0000000, 0x00000000f8980000, 0x0000000100000000)
  eden space 237568K, 100% used [0x00000000e0000000,0x00000000ee800000,0x00000000ee800000)
  from space 34304K, 99% used [0x00000000ee800000,0x00000000f097c638,0x00000000f0980000)
  to   space 45056K, 0% used [0x00000000f5d80000,0x00000000f5d80000,0x00000000f8980000)
 ParOldGen       total 125952K, used 87401K [0x00000000a0000000, 0x00000000a7b00000, 0x00000000e0000000)
  object space 125952K, 69% used [0x00000000a0000000,0x00000000a555a5a0,0x00000000a7b00000)
 Metaspace       used 79802K, capacity 83918K, committed 84224K, reserved 1122304K
  class space    used 10164K, capacity 10976K, committed 11008K, reserved 1048576K
Event: 2040.905 GC heap after
Heap after GC invocations=32 (full 6):
 PSYoungGen      total 342528K, used 45038K [0x00000000e0000000, 0x00000000fa880000, 0x0000000100000000)
  eden space 297472K, 0% used [0x00000000e0000000,0x00000000e0000000,0x00000000f2280000)
  from space 45056K, 99% used [0x00000000f5d80000,0x00000000f897bb28,0x00000000f8980000)
  to   space 60416K, 0% used [0x00000000f2280000,0x00000000f2280000,0x00000000f5d80000)
 ParOldGen       total 125952K, used 109381K [0x00000000a0000000, 0x00000000a7b00000, 0x00000000e0000000)
  object space 125952K, 86% used [0x00000000a0000000,0x00000000a6ad1598,0x00000000a7b00000)
 Metaspace       used 79802K, capacity 83918K, committed 84224K, reserved 1122304K
  class space    used 10164K, capacity 10976K, committed 11008K, reserved 1048576K
}
Event: 2040.905 GC heap before
{Heap before GC invocations=33 (full 7):
 PSYoungGen      total 342528K, used 45038K [0x00000000e0000000, 0x00000000fa880000, 0x0000000100000000)
  eden space 297472K, 0% used [0x00000000e0000000,0x00000000e0000000,0x00000000f2280000)
  from space 45056K, 99% used [0x00000000f5d80000,0x00000000f897bb28,0x00000000f8980000)
  to   space 60416K, 0% used [0x00000000f2280000,0x00000000f2280000,0x00000000f5d80000)
 ParOldGen       total 125952K, used 109381K [0x00000000a0000000, 0x00000000a7b00000, 0x00000000e0000000)
  object space 125952K, 86% used [0x00000000a0000000,0x00000000a6ad1598,0x00000000a7b00000)
 Metaspace       used 79802K, capacity 83918K, committed 84224K, reserved 1122304K
  class space    used 10164K, capacity 10976K, committed 11008K, reserved 1048576K
Event: 2041.763 GC heap after
Heap after GC invocations=33 (full 7):
 PSYoungGen      total 342528K, used 0K [0x00000000e0000000, 0x00000000fa880000, 0x0000000100000000)
  eden space 297472K, 0% used [0x00000000e0000000,0x00000000e0000000,0x00000000f2280000)
  from space 45056K, 0% used [0x00000000f5d80000,0x00000000f5d80000,0x00000000f8980000)
  to   space 60416K, 0% used [0x00000000f2280000,0x00000000f2280000,0x00000000f5d80000)
 ParOldGen       total 248320K, used 123980K [0x00000000a0000000, 0x00000000af280000, 0x00000000e0000000)
  object space 248320K, 49% used [0x00000000a0000000,0x00000000a7913078,0x00000000af280000)
 Metaspace       used 78803K, capacity 82498K, committed 84224K, reserved 1122304K
  class space    used 9983K, capacity 10704K, committed 11008K, reserved 1048576K
}

Deoptimization events (10 events):
Event: 2040.246 Thread 0x000000001beb8800 Uncommon trap: reason=unstable_if action=reinterpret pc=0x00000000055f1ca8 method=java.util.concurrent.ConcurrentHashMap.putVal(Ljava/lang/Object;Ljava/lang/Object;Z)Ljava/lang/Object; @ 152
Event: 2040.568 Thread 0x000000001f69c000 Uncommon trap: reason=bimorphic action=maybe_recompile pc=0x0000000005a4dd80 method=com.android.dx.cf.code.BytecodeArray.parseInstruction(ILcom/android/dx/cf/code/BytecodeArray$Visitor;)I @ 1549
Event: 2040.568 Thread 0x000000001f69c000 Uncommon trap: reason=bimorphic action=maybe_recompile pc=0x0000000005a4dd80 method=com.android.dx.cf.code.BytecodeArray.parseInstruction(ILcom/android/dx/cf/code/BytecodeArray$Visitor;)I @ 1549
Event: 2040.699 Thread 0x000000001f694800 Uncommon trap: reason=unstable_if action=reinterpret pc=0x00000000059ba534 method=com.android.dx.cf.code.Ropper.isSynchronized()Z @ 12
Event: 2040.744 Thread 0x000000001beb5000 Uncommon trap: reason=unstable_if action=reinterpret pc=0x00000000059f5f38 method=com.android.dx.rop.code.LocalItem.compareHandlesNulls(Lcom/android/dx/rop/cst/CstString;Lcom/android/dx/rop/cst/CstString;)I @ 14
Event: 2040.745 Thread 0x000000001beb5000 Uncommon trap: reason=unstable_if action=reinterpret pc=0x00000000058faf84 method=com.android.dx.rop.code.LocalItem.compareHandlesNulls(Lcom/android/dx/rop/cst/CstString;Lcom/android/dx/rop/cst/CstString;)I @ 14
Event: 2040.745 Thread 0x000000001beb5000 Uncommon trap: reason=unstable_if action=reinterpret pc=0x000000000596fb9c method=com.android.dx.rop.code.LocalItem.compareHandlesNulls(Lcom/android/dx/rop/cst/CstString;Lcom/android/dx/rop/cst/CstString;)I @ 14
Event: 2040.757 Thread 0x000000001beb5000 Uncommon trap: reason=unstable_if action=reinterpret pc=0x00000000055e1868 method=com.android.dx.rop.code.RegisterSpec.equals(ILcom/android/dx/rop/type/TypeBearer;Lcom/android/dx/rop/code/LocalItem;)Z @ 42
Event: 2041.776 Thread 0x000000001beb5000 Uncommon trap: reason=unstable_if action=reinterpret pc=0x00000000059ff9d8 method=com.android.dx.ssa.SCCP.simulateStmt(Lcom/android/dx/ssa/SsaInsn;)V @ 435
Event: 2042.037 Thread 0x0000000018b85800 Uncommon trap: reason=unstable_if action=reinterpret pc=0x0000000003f24f08 method=java.io.ObjectStreamClass.processQueue(Ljava/lang/ref/ReferenceQueue;Ljava/util/concurrent/ConcurrentMap;)V @ 6

Internal exceptions (10 events):
Event: 2026.293 Thread 0x000000001beb2000 Implicit null exception at 0x00000000034eed2c to 0x00000000034ed3bd
Event: 2026.770 Thread 0x000000001beb2000 Implicit null exception at 0x0000000004d1a1b2 to 0x0000000004d1ab80
Event: 2028.149 Thread 0x000000001beb2000 Implicit null exception at 0x0000000004d2f414 to 0x0000000004d2ff9b
Event: 2030.931 Thread 0x000000001beb2000 Exception <a 'java/lang/NoSuchMethodError': <clinit>> (0x00000000e8235a50) thrown at [C:\src\android\AOSP-openjdk\external\jetbrains\jdk\hotspot\src\share\vm\prims\jni.cpp, line 1591]
Event: 2031.474 Thread 0x000000001beb2000 Exception <a 'java/io/FileNotFoundException'> (0x00000000e1ddabf0) thrown at [C:\src\android\AOSP-openjdk\external\jetbrains\jdk\hotspot\src\share\vm\prims\jni.cpp, line 709]
Event: 2036.213 Thread 0x000000001f696000 Implicit null exception at 0x00000000055dba22 to 0x00000000055dbb12
Event: 2036.773 Thread 0x000000001beb9800 Implicit null exception at 0x00000000055e2d58 to 0x00000000055e39f9
Event: 2040.744 Thread 0x000000001beb5000 Implicit null exception at 0x00000000059f3d93 to 0x00000000059f5ef9
Event: 2040.745 Thread 0x000000001beb5000 Implicit null exception at 0x00000000058f9fc6 to 0x00000000058faf5d
Event: 2040.745 Thread 0x000000001beb5000 Implicit null exception at 0x000000000596d8aa to 0x000000000596fb49

Events (10 events):
Event: 2041.895 Thread 0x000000001f698800 DEOPT UNPACKING pc=0x00000000027075bf sp=0x000000003cdae6d0 mode 0
Event: 2042.028 Thread 0x000000001f692800 Thread exited: 0x000000001f692800
Event: 2042.037 Thread 0x0000000018b85800 Uncommon trap: trap_request=0xffffff65 fr.pc=0x0000000003f24f08
Event: 2042.037 Thread 0x0000000018b85800 DEOPT PACKING pc=0x0000000003f24f08 sp=0x0000000019f3e2c0
Event: 2042.037 Thread 0x0000000018b85800 DEOPT UNPACKING pc=0x000000000270556a sp=0x0000000019f3e220 mode 2
Event: 2042.051 Thread 0x000000001f696000 Thread added: 0x000000001f696000
Event: 2042.051 Thread 0x000000001f692800 Thread added: 0x000000001f692800
Event: 2042.052 Thread 0x000000001f68f800 Thread added: 0x000000001f68f800
Event: 2042.053 Thread 0x000000001f697000 Thread added: 0x000000001f697000
Event: 2042.054 Thread 0x000000001f69b800 Thread added: 0x000000001f69b800


Dynamic libraries:
0x00007ff7dce00000 - 0x00007ff7dce31000 	C:\Program Files\Android\Android Studio\jre\bin\java.exe
0x00007ffaf46a0000 - 0x00007ffaf4871000 	C:\Windows\SYSTEM32\ntdll.dll
0x00007ffaf22d0000 - 0x00007ffaf237b000 	C:\Windows\System32\KERNEL32.DLL
0x00007ffaf1740000 - 0x00007ffaf195d000 	C:\Windows\System32\KERNELBASE.dll
0x00007ffaf26a0000 - 0x00007ffaf2742000 	C:\Windows\System32\ADVAPI32.dll
0x00007ffaf21c0000 - 0x00007ffaf225e000 	C:\Windows\System32\msvcrt.dll
0x00007ffaf4570000 - 0x00007ffaf45c9000 	C:\Windows\System32\sechost.dll
0x00007ffaf4000000 - 0x00007ffaf4121000 	C:\Windows\System32\RPCRT4.dll
0x00007ffaf2480000 - 0x00007ffaf25e5000 	C:\Windows\System32\USER32.dll
0x00007ffaf1960000 - 0x00007ffaf197e000 	C:\Windows\System32\win32u.dll
0x00007ffaf45d0000 - 0x00007ffaf4604000 	C:\Windows\System32\GDI32.dll
0x00007ffaf1aa0000 - 0x00007ffaf1c22000 	C:\Windows\System32\gdi32full.dll
0x00007ffae9cf0000 - 0x00007ffae9f6a000 	C:\Windows\WinSxS\amd64_microsoft.windows.common-controls_6595b64144ccf1df_6.0.14393.953_none_42151e83c686086b\COMCTL32.dll
0x00007ffaf1dd0000 - 0x00007ffaf2098000 	C:\Windows\System32\combase.dll
0x00007ffaf1440000 - 0x00007ffaf1535000 	C:\Windows\System32\ucrtbase.dll
0x00007ffaf1a30000 - 0x00007ffaf1a9a000 	C:\Windows\System32\bcryptPrimitives.dll
0x00007ffaf2810000 - 0x00007ffaf283e000 	C:\Windows\System32\IMM32.DLL
0x00007ffaf0a00000 - 0x00007ffaf0a31000 	C:\Windows\system32\DriverStore\FileRepository\nvmii.inf_amd64_d555f104864d7e48\nvinitx.dll
0x00007ffaf09f0000 - 0x00007ffaf09fa000 	C:\Windows\SYSTEM32\VERSION.dll
0x00007ffaf2850000 - 0x00007ffaf3d59000 	C:\Windows\System32\Shell32.dll
0x00007ffaf1980000 - 0x00007ffaf19c2000 	C:\Windows\System32\cfgmgr32.dll
0x00007ffaf0d60000 - 0x00007ffaf143a000 	C:\Windows\System32\windows.storage.dll
0x00007ffaf0b00000 - 0x00007ffaf0b4c000 	C:\Windows\System32\powrprof.dll
0x00007ffaf2750000 - 0x00007ffaf27a2000 	C:\Windows\System32\shlwapi.dll
0x00007ffaf0b50000 - 0x00007ffaf0b5f000 	C:\Windows\System32\kernel.appcore.dll
0x00007ffaf1690000 - 0x00007ffaf1739000 	C:\Windows\System32\shcore.dll
0x00007ffaf0b60000 - 0x00007ffaf0b74000 	C:\Windows\System32\profapi.dll
0x0000000072e90000 - 0x0000000072e96000 	C:\Program Files\NVIDIA Corporation\CoProcManager\_etoured.dll
0x00007ffaed8d0000 - 0x00007ffaed910800 	C:\Program Files\NVIDIA Corporation\CoProcManager\nvd3d9wrapx.dll
0x00007ffaf4140000 - 0x00007ffaf4569000 	C:\Windows\System32\SETUPAPI.dll
0x00007ffaed810000 - 0x00007ffaed83a000 	C:\Program Files\NVIDIA Corporation\CoProcManager\nvdxgiwrapx.dll
0x0000000070d20000 - 0x0000000070df2000 	C:\Program Files\Android\Android Studio\jre\jre\bin\msvcr100.dll
0x0000000070e00000 - 0x0000000071634000 	C:\Program Files\Android\Android Studio\jre\jre\bin\server\jvm.dll
0x00007ffaf25f0000 - 0x00007ffaf25f8000 	C:\Windows\System32\PSAPI.DLL
0x00007ffaee810000 - 0x00007ffaee833000 	C:\Windows\SYSTEM32\WINMM.dll
0x00007ffadaa90000 - 0x00007ffadaa99000 	C:\Windows\SYSTEM32\WSOCK32.dll
0x00007ffaf2260000 - 0x00007ffaf22ca000 	C:\Windows\System32\WS2_32.dll
0x00007ffaee7b0000 - 0x00007ffaee7db000 	C:\Windows\SYSTEM32\WINMMBASE.dll
0x00007ffae58d0000 - 0x00007ffae58df000 	C:\Program Files\Android\Android Studio\jre\jre\bin\verify.dll
0x00007ffaca430000 - 0x00007ffaca459000 	C:\Program Files\Android\Android Studio\jre\jre\bin\java.dll
0x00007ffad8430000 - 0x00007ffad8446000 	C:\Program Files\Android\Android Studio\jre\jre\bin\zip.dll
0x00007ffad64d0000 - 0x00007ffad64ea000 	C:\Program Files\Android\Android Studio\jre\jre\bin\net.dll
0x00007ffaf0380000 - 0x00007ffaf03dc000 	C:\Windows\system32\mswsock.dll
0x00007ffad53a0000 - 0x00007ffad53b1000 	C:\Program Files\Android\Android Studio\jre\jre\bin\nio.dll
0x00007ffac91f0000 - 0x00007ffac9202000 	C:\Users\Dmitry\.gradle\native\19\windows-amd64\native-platform.dll
0x00007ffaf0520000 - 0x00007ffaf0537000 	C:\Windows\SYSTEM32\CRYPTSP.dll
0x00007ffaeff80000 - 0x00007ffaeffb3000 	C:\Windows\system32\rsaenh.dll
0x00007ffaf0a40000 - 0x00007ffaf0a6b000 	C:\Windows\SYSTEM32\bcrypt.dll
0x00007ffaf0200000 - 0x00007ffaf021f000 	C:\Windows\SYSTEM32\USERENV.dll
0x00007ffaf0540000 - 0x00007ffaf054b000 	C:\Windows\SYSTEM32\CRYPTBASE.dll
0x00007ffaf0100000 - 0x00007ffaf0138000 	C:\Windows\SYSTEM32\IPHLPAPI.DLL
0x00007ffaf2840000 - 0x00007ffaf2848000 	C:\Windows\System32\NSI.dll
0x00007ffae9c40000 - 0x00007ffae9c56000 	C:\Windows\SYSTEM32\dhcpcsvc6.DLL
0x00007ffaea350000 - 0x00007ffaea36a000 	C:\Windows\SYSTEM32\dhcpcsvc.DLL
0x00007ffae5690000 - 0x00007ffae569d000 	C:\Program Files\Android\Android Studio\jre\jre\bin\management.dll
0x00007ffaca460000 - 0x00007ffaca484000 	C:\Program Files\Android\Android Studio\jre\jre\bin\sunec.dll
0x00007ffaf0140000 - 0x00007ffaf01e1000 	C:\Windows\SYSTEM32\DNSAPI.dll
0x00007ffae5f00000 - 0x00007ffae5f0a000 	C:\Windows\System32\rasadhlp.dll
0x00007ffae9250000 - 0x00007ffae92ba000 	C:\Windows\System32\fwpuclnt.dll

VM Arguments:
jvm_args: -Xmx1536m -Dfile.encoding=windows-1251 -Duser.country=RU -Duser.language=ru -Duser.variant 
java_command: org.gradle.launcher.daemon.bootstrap.GradleDaemon 2.14.1
java_class_path (initial): C:\Program Files\Android\Android Studio\gradle\gradle-2.14.1\lib\gradle-launcher-2.14.1.jar
Launcher Type: SUN_STANDARD

Environment Variables:
PATH=C:\ProgramData\Oracle\Java\javapath;C:\Windows\system32;C:\Windows;C:\Windows\System32\Wbem;C:\Windows\System32\WindowsPowerShell\v1.0\;C:\Program Files (x86)\Microsoft SQL Server\Client SDK\ODBC\130\Tools\Binn\;C:\Program Files (x86)\Microsoft SQL Server\130\Tools\Binn\;C:\Program Files (x86)\Microsoft SQL Server\130\DTS\Binn\;C:\Program Files (x86)\Microsoft SQL Server\130\Tools\Binn\ManagementStudio\;C:\Users\Dmitry\.dnx\bin;C:\Program Files\Microsoft DNX\Dnvm\;C:\Program Files\Microsoft SQL Server\120\Tools\Binn\;C:\Program Files\Microsoft SQL Server\130\Tools\Binn\;C:\Program Files\Microsoft SQL Server\Client SDK\ODBC\110\Tools\Binn\;C:\Program Files (x86)\Microsoft SQL Server\120\Tools\Binn\;C:\Program Files\Microsoft SQL Server\120\DTS\Binn\;C:\Program Files (x86)\Microsoft SQL Server\120\Tools\Binn\ManagementStudio\;C:\Program Files (x86)\Microsoft SQL Server\120\DTS\Binn\;C:\Program Files\MATLAB\R2017a\bin;C:\Program Files (x86)\NVIDIA Corporation\PhysX\Common;C:\Users\Dmitry\AppData\Local\Microsoft\WindowsApps;
USERNAME=Dmitry
OS=Windows_NT
PROCESSOR_IDENTIFIER=Intel64 Family 6 Model 42 Stepping 7, GenuineIntel



---------------  S Y S T E M  ---------------

OS: Windows 10.0 , 64 bit Build 14393 (10.0.14393.0)

CPU:total 4 (2 cores per cpu, 2 threads per core) family 6 model 42 stepping 7, cmov, cx8, fxsr, mmx, sse, sse2, sse3, ssse3, sse4.1, sse4.2, popcnt, avx, aes, clmul, ht, tsc, tscinvbit

Memory: 4k page, physical 8293780k(1072724k free), swap 8293780k(5948k free)

vm_info: OpenJDK 64-Bit Server VM (25.76-b03) for windows-amd64 JRE (1.8.0_76-release-b03), built on Jun 29 2016 19:09:20 by "ralucas" with MS VC++ 10.0 (VS2010)

time: Tue Apr 11 20:22:09 2017
elapsed time: 2042 seconds (0d 0h 34m 2s)

