#
# There is insufficient memory for the Java Runtime Environment to continue.
# Native memory allocation (malloc) failed to allocate 32744 bytes for ChunkPool::allocate
# Possible reasons:
#   The system is out of physical RAM or swap space
#   In 32 bit mode, the process size limit was hit
# Possible solutions:
#   Reduce memory load on the system
#   Increase physical memory or swap space
#   Check if swap backing store is full
#   Use 64 bit Java on a 64 bit OS
#   Decrease Java heap size (-Xmx/-Xms)
#   Decrease number of Java threads
#   Decrease Java thread stack sizes (-Xss)
#   Set larger code cache with -XX:ReservedCodeCacheSize=
# This output file may be truncated or incomplete.
#
#  Out of Memory Error (allocation.cpp:273), pid=10744, tid=0x00000000000013f4
#
# JRE version: OpenJDK Runtime Environment (8.0_76-b03) (build 1.8.0_76-release-b03)
# Java VM: OpenJDK 64-Bit Server VM (25.76-b03 mixed mode windows-amd64 compressed oops)
# Failed to write core dump. Minidumps are not enabled by default on client versions of Windows
#

---------------  T H R E A D  ---------------

Current thread (0x0000000016e9c000):  JavaThread "C2 CompilerThread1" daemon [_thread_in_native, id=5108, stack(0x00000000185f0000,0x00000000186f0000)]

Stack: [0x00000000185f0000,0x00000000186f0000]
[error occurred during error reporting (printing stack bounds), id 0xc0000005]

Native frames: (J=compiled Java code, j=interpreted, Vv=VM code, C=native code)


Current CompileTask:
C2:  11355 5389       4       groovy.lang.MetaClassImpl::addMetaMethodToIndex (65 bytes)


---------------  P R O C E S S  ---------------

Java Threads: ( => current thread )
  0x000000001e206800 JavaThread "File lock request listener" [_thread_in_native, id=11064, stack(0x000000001df20000,0x000000001e020000)]
  0x0000000019cf6000 JavaThread "Stdin handler" [_thread_blocked, id=9832, stack(0x000000001b480000,0x000000001b580000)]
  0x0000000019cf5800 JavaThread "Asynchronous log dispatcher for org.gradle.launcher.daemon.server.DefaultDaemonConnection@54bc4e4a" [_thread_blocked, id=11068, stack(0x000000001b380000,0x000000001b480000)]
  0x0000000019c95800 JavaThread "Daemon worker" [_thread_in_Java, id=7164, stack(0x000000001b280000,0x000000001b380000)]
  0x0000000019e98000 JavaThread "Cancel handler" [_thread_blocked, id=6804, stack(0x000000001b180000,0x000000001b280000)]
  0x0000000019abf800 JavaThread "Handler for socket connection from /127.0.0.1:57166 to /127.0.0.1:57167" [_thread_in_native, id=12556, stack(0x000000001b080000,0x000000001b180000)]
  0x0000000019abc000 JavaThread "Daemon" [_thread_blocked, id=13496, stack(0x000000001af80000,0x000000001b080000)]
  0x0000000019e67000 JavaThread "pool-1-thread-1" [_thread_blocked, id=10176, stack(0x000000001ae80000,0x000000001af80000)]
  0x0000000019b25000 JavaThread "Incoming local TCP Connector on port 57166" [_thread_in_native, id=216, stack(0x000000001a780000,0x000000001a880000)]
  0x0000000018820800 JavaThread "Service Thread" daemon [_thread_blocked, id=4320, stack(0x0000000018bf0000,0x0000000018cf0000)]
  0x0000000016ea0800 JavaThread "C1 CompilerThread2" daemon [_thread_blocked, id=6044, stack(0x00000000186f0000,0x00000000187f0000)]
=>0x0000000016e9c000 JavaThread "C2 CompilerThread1" daemon [_thread_in_native, id=5108, stack(0x00000000185f0000,0x00000000186f0000)]
  0x0000000016e9a000 JavaThread "C2 CompilerThread0" daemon [_thread_in_native, id=13704, stack(0x00000000184f0000,0x00000000185f0000)]
  0x0000000016e99000 JavaThread "Attach Listener" daemon [_thread_blocked, id=6768, stack(0x00000000183f0000,0x00000000184f0000)]
  0x0000000016ea5800 JavaThread "Signal Dispatcher" daemon [_thread_blocked, id=8784, stack(0x00000000182f0000,0x00000000183f0000)]
  0x0000000016e88800 JavaThread "Finalizer" daemon [_thread_blocked, id=9792, stack(0x0000000018100000,0x0000000018200000)]
  0x00000000034a1000 JavaThread "Reference Handler" daemon [_thread_blocked, id=7596, stack(0x0000000018000000,0x0000000018100000)]
  0x00000000033b0800 JavaThread "main" [_thread_blocked, id=10116, stack(0x0000000003280000,0x0000000003380000)]

Other Threads:
  0x0000000016e65800 VMThread [stack: 0x0000000017f00000,0x0000000018000000] [id=8640]
  0x0000000016efd000 WatcherThread [stack: 0x0000000018cf0000,0x0000000018df0000] [id=7136]

VM state:not at safepoint (normal execution)

VM Mutex/Monitor currently owned by a thread: None

Heap:
 PSYoungGen      total 135168K, used 73615K [0x00000000e0000000, 0x00000000eaf00000, 0x0000000100000000)
  eden space 123392K, 51% used [0x00000000e0000000,0x00000000e3e28f10,0x00000000e7880000)
  from space 11776K, 84% used [0x00000000e7880000,0x00000000e823ad40,0x00000000e8400000)
  to   space 12288K, 0% used [0x00000000ea300000,0x00000000ea300000,0x00000000eaf00000)
 ParOldGen       total 65024K, used 15548K [0x00000000a0000000, 0x00000000a3f80000, 0x00000000e0000000)
  object space 65024K, 23% used [0x00000000a0000000,0x00000000a0f2f018,0x00000000a3f80000)
 Metaspace       used 44927K, capacity 45908K, committed 45952K, reserved 1089536K
  class space    used 6011K, capacity 6272K, committed 6272K, reserved 1048576K

Card table byte_map: [0x00000000128f0000,0x0000000012c00000] byte_map_base: 0x00000000123f0000

Marking Bits: (ParMarkBitMap*) 0x00000000715b9d00
 Begin Bits: [0x0000000013200000, 0x0000000014a00000)
 End Bits:   [0x0000000014a00000, 0x0000000016200000)

Polling page: 0x0000000003380000

CodeCache: size=245760Kb used=17616Kb max_used=17616Kb free=228143Kb
 bounds [0x0000000003530000, 0x0000000004680000, 0x0000000012530000]
 total_blobs=5873 nmethods=5175 adapters=610
 compilation: enabled

Compilation events (10 events):
Event: 11.334 Thread 0x0000000016ea0800 nmethod 5569 0x000000000466a990 code [0x000000000466aae0, 0x000000000466abf0]
Event: 11.340 Thread 0x0000000016ea0800 5570       3       java.lang.reflect.Constructor::getExceptionTypes (11 bytes)
Event: 11.340 Thread 0x0000000016ea0800 nmethod 5570 0x000000000466ac50 code [0x000000000466adc0, 0x000000000466b0c8]
Event: 11.341 Thread 0x0000000016ea0800 5571       1       java.util.concurrent.atomic.AtomicInteger::incrementAndGet (14 bytes)
Event: 11.342 Thread 0x0000000016ea0800 nmethod 5571 0x000000000466b190 code [0x000000000466b2e0, 0x000000000466b3f0]
Event: 11.342 Thread 0x0000000016ea0800 5572       3       org.gradle.model.internal.registry.PathBinderCreationListener::canBindInState (29 bytes)
Event: 11.343 Thread 0x0000000016ea0800 nmethod 5572 0x000000000466b450 code [0x000000000466b5e0, 0x000000000466bba8]
Event: 11.343 Thread 0x0000000016ea0800 5573       3       org.gradle.model.internal.registry.RuleBindings$PathPredicateIndex::addReference (21 bytes)
Event: 11.343 Thread 0x0000000016ea0800 nmethod 5573 0x000000000466bd90 code [0x000000000466bf40, 0x000000000466c428]
Event: 11.349 Thread 0x0000000016ea0800 5574       3       org.gradle.api.internal.project.taskfactory.AnnotationProcessingTaskFactory$Validator::attachActions (251 bytes)

GC Heap History (10 events):
Event: 5.914 GC heap before
{Heap before GC invocations=7 (full 1):
 PSYoungGen      total 71680K, used 71670K [0x00000000e0000000, 0x00000000e6f00000, 0x0000000100000000)
  eden space 66560K, 100% used [0x00000000e0000000,0x00000000e4100000,0x00000000e4100000)
  from space 5120K, 99% used [0x00000000e4100000,0x00000000e45fdb20,0x00000000e4600000)
  to   space 10240K, 0% used [0x00000000e6500000,0x00000000e6500000,0x00000000e6f00000)
 ParOldGen       total 65024K, used 10623K [0x00000000a0000000, 0x00000000a3f80000, 0x00000000e0000000)
  object space 65024K, 16% used [0x00000000a0000000,0x00000000a0a5fe90,0x00000000a3f80000)
 Metaspace       used 27863K, capacity 28368K, committed 28544K, reserved 1073152K
  class space    used 3786K, capacity 3938K, committed 3968K, reserved 1048576K
Event: 5.924 GC heap after
Heap after GC invocations=7 (full 1):
 PSYoungGen      total 98304K, used 5053K [0x00000000e0000000, 0x00000000e6c80000, 0x0000000100000000)
  eden space 90624K, 0% used [0x00000000e0000000,0x00000000e0000000,0x00000000e5880000)
  from space 7680K, 65% used [0x00000000e6500000,0x00000000e69ef470,0x00000000e6c80000)
  to   space 10240K, 0% used [0x00000000e5880000,0x00000000e5880000,0x00000000e6280000)
 ParOldGen       total 65024K, used 10703K [0x00000000a0000000, 0x00000000a3f80000, 0x00000000e0000000)
  object space 65024K, 16% used [0x00000000a0000000,0x00000000a0a73eb8,0x00000000a3f80000)
 Metaspace       used 27863K, capacity 28368K, committed 28544K, reserved 1073152K
  class space    used 3786K, capacity 3938K, committed 3968K, reserved 1048576K
}
Event: 7.902 GC heap before
{Heap before GC invocations=8 (full 1):
 PSYoungGen      total 98304K, used 95677K [0x00000000e0000000, 0x00000000e6c80000, 0x0000000100000000)
  eden space 90624K, 100% used [0x00000000e0000000,0x00000000e5880000,0x00000000e5880000)
  from space 7680K, 65% used [0x00000000e6500000,0x00000000e69ef470,0x00000000e6c80000)
  to   space 10240K, 0% used [0x00000000e5880000,0x00000000e5880000,0x00000000e6280000)
 ParOldGen       total 65024K, used 10703K [0x00000000a0000000, 0x00000000a3f80000, 0x00000000e0000000)
  object space 65024K, 16% used [0x00000000a0000000,0x00000000a0a73eb8,0x00000000a3f80000)
 Metaspace       used 32945K, capacity 33506K, committed 33792K, reserved 1079296K
  class space    used 4416K, capacity 4592K, committed 4608K, reserved 1048576K
Event: 7.935 GC heap after
Heap after GC invocations=8 (full 1):
 PSYoungGen      total 100864K, used 10051K [0x00000000e0000000, 0x00000000e8f00000, 0x0000000100000000)
  eden space 90624K, 0% used [0x00000000e0000000,0x00000000e0000000,0x00000000e5880000)
  from space 10240K, 98% used [0x00000000e5880000,0x00000000e6250ff0,0x00000000e6280000)
  to   space 11264K, 0% used [0x00000000e8400000,0x00000000e8400000,0x00000000e8f00000)
 ParOldGen       total 65024K, used 10711K [0x00000000a0000000, 0x00000000a3f80000, 0x00000000e0000000)
  object space 65024K, 16% used [0x00000000a0000000,0x00000000a0a75eb8,0x00000000a3f80000)
 Metaspace       used 32945K, capacity 33506K, committed 33792K, reserved 1079296K
  class space    used 4416K, capacity 4592K, committed 4608K, reserved 1048576K
}
Event: 8.330 GC heap before
{Heap before GC invocations=9 (full 1):
 PSYoungGen      total 100864K, used 28788K [0x00000000e0000000, 0x00000000e8f00000, 0x0000000100000000)
  eden space 90624K, 20% used [0x00000000e0000000,0x00000000e124c330,0x00000000e5880000)
  from space 10240K, 98% used [0x00000000e5880000,0x00000000e6250ff0,0x00000000e6280000)
  to   space 11264K, 0% used [0x00000000e8400000,0x00000000e8400000,0x00000000e8f00000)
 ParOldGen       total 65024K, used 10711K [0x00000000a0000000, 0x00000000a3f80000, 0x00000000e0000000)
  object space 65024K, 16% used [0x00000000a0000000,0x00000000a0a75eb8,0x00000000a3f80000)
 Metaspace       used 34699K, capacity 35238K, committed 35496K, reserved 1079296K
  class space    used 4648K, capacity 4822K, committed 4864K, reserved 1048576K
Event: 8.346 GC heap after
Heap after GC invocations=9 (full 1):
 PSYoungGen      total 134656K, used 8732K [0x00000000e0000000, 0x00000000e9700000, 0x0000000100000000)
  eden space 123392K, 0% used [0x00000000e0000000,0x00000000e0000000,0x00000000e7880000)
  from space 11264K, 77% used [0x00000000e8400000,0x00000000e8c87220,0x00000000e8f00000)
  to   space 11776K, 0% used [0x00000000e7880000,0x00000000e7880000,0x00000000e8400000)
 ParOldGen       total 65024K, used 10719K [0x00000000a0000000, 0x00000000a3f80000, 0x00000000e0000000)
  object space 65024K, 16% used [0x00000000a0000000,0x00000000a0a77eb8,0x00000000a3f80000)
 Metaspace       used 34699K, capacity 35238K, committed 35496K, reserved 1079296K
  class space    used 4648K, capacity 4822K, committed 4864K, reserved 1048576K
}
Event: 8.346 GC heap before
{Heap before GC invocations=10 (full 2):
 PSYoungGen      total 134656K, used 8732K [0x00000000e0000000, 0x00000000e9700000, 0x0000000100000000)
  eden space 123392K, 0% used [0x00000000e0000000,0x00000000e0000000,0x00000000e7880000)
  from space 11264K, 77% used [0x00000000e8400000,0x00000000e8c87220,0x00000000e8f00000)
  to   space 11776K, 0% used [0x00000000e7880000,0x00000000e7880000,0x00000000e8400000)
 ParOldGen       total 65024K, used 10719K [0x00000000a0000000, 0x00000000a3f80000, 0x00000000e0000000)
  object space 65024K, 16% used [0x00000000a0000000,0x00000000a0a77eb8,0x00000000a3f80000)
 Metaspace       used 34699K, capacity 35238K, committed 35496K, reserved 1079296K
  class space    used 4648K, capacity 4822K, committed 4864K, reserved 1048576K
Event: 8.466 GC heap after
Heap after GC invocations=10 (full 2):
 PSYoungGen      total 134656K, used 0K [0x00000000e0000000, 0x00000000e9700000, 0x0000000100000000)
  eden space 123392K, 0% used [0x00000000e0000000,0x00000000e0000000,0x00000000e7880000)
  from space 11264K, 0% used [0x00000000e8400000,0x00000000e8400000,0x00000000e8f00000)
  to   space 11776K, 0% used [0x00000000e7880000,0x00000000e7880000,0x00000000e8400000)
 ParOldGen       total 65024K, used 15476K [0x00000000a0000000, 0x00000000a3f80000, 0x00000000e0000000)
  object space 65024K, 23% used [0x00000000a0000000,0x00000000a0f1d008,0x00000000a3f80000)
 Metaspace       used 34699K, capacity 35238K, committed 35496K, reserved 1079296K
  class space    used 4648K, capacity 4822K, committed 4864K, reserved 1048576K
}
Event: 10.339 GC heap before
{Heap before GC invocations=11 (full 2):
 PSYoungGen      total 134656K, used 123392K [0x00000000e0000000, 0x00000000e9700000, 0x0000000100000000)
  eden space 123392K, 100% used [0x00000000e0000000,0x00000000e7880000,0x00000000e7880000)
  from space 11264K, 0% used [0x00000000e8400000,0x00000000e8400000,0x00000000e8f00000)
  to   space 11776K, 0% used [0x00000000e7880000,0x00000000e7880000,0x00000000e8400000)
 ParOldGen       total 65024K, used 15476K [0x00000000a0000000, 0x00000000a3f80000, 0x00000000e0000000)
  object space 65024K, 23% used [0x00000000a0000000,0x00000000a0f1d008,0x00000000a3f80000)
 Metaspace       used 42544K, capacity 43450K, committed 43904K, reserved 1087488K
  class space    used 5653K, capacity 5909K, committed 6016K, reserved 1048576K
Event: 10.356 GC heap after
Heap after GC invocations=11 (full 2):
 PSYoungGen      total 135168K, used 9963K [0x00000000e0000000, 0x00000000eaf00000, 0x0000000100000000)
  eden space 123392K, 0% used [0x00000000e0000000,0x00000000e0000000,0x00000000e7880000)
  from space 11776K, 84% used [0x00000000e7880000,0x00000000e823ad40,0x00000000e8400000)
  to   space 12288K, 0% used [0x00000000ea300000,0x00000000ea300000,0x00000000eaf00000)
 ParOldGen       total 65024K, used 15548K [0x00000000a0000000, 0x00000000a3f80000, 0x00000000e0000000)
  object space 65024K, 23% used [0x00000000a0000000,0x00000000a0f2f018,0x00000000a3f80000)
 Metaspace       used 42544K, capacity 43450K, committed 43904K, reserved 1087488K
  class space    used 5653K, capacity 5909K, committed 6016K, reserved 1048576K
}

Deoptimization events (10 events):
Event: 10.406 Thread 0x0000000019c95800 Uncommon trap: reason=class_check action=maybe_recompile pc=0x0000000003eabf6c method=org.apache.xerces.impl.XMLDocumentFragmentScannerImpl.scanContent()I @ 82
Event: 10.556 Thread 0x0000000019c95800 Uncommon trap: reason=predicate action=maybe_recompile pc=0x000000000366f66c method=java.util.AbstractCollection.toArray([Ljava/lang/Object;)[Ljava/lang/Object; @ 49
Event: 10.566 Thread 0x0000000019c95800 Uncommon trap: reason=array_check action=maybe_recompile pc=0x000000000382c49c method=java.util.AbstractCollection.toArray([Ljava/lang/Object;)[Ljava/lang/Object; @ 119
Event: 10.566 Thread 0x0000000019c95800 Uncommon trap: reason=array_check action=maybe_recompile pc=0x000000000382c49c method=java.util.AbstractCollection.toArray([Ljava/lang/Object;)[Ljava/lang/Object; @ 119
Event: 10.566 Thread 0x0000000019c95800 Uncommon trap: reason=array_check action=maybe_recompile pc=0x000000000382c49c method=java.util.AbstractCollection.toArray([Ljava/lang/Object;)[Ljava/lang/Object; @ 119
Event: 10.566 Thread 0x0000000019c95800 Uncommon trap: reason=array_check action=maybe_recompile pc=0x000000000382c49c method=java.util.AbstractCollection.toArray([Ljava/lang/Object;)[Ljava/lang/Object; @ 119
Event: 10.567 Thread 0x0000000019c95800 Uncommon trap: reason=unstable_if action=reinterpret pc=0x00000000043c7258 method=java.util.regex.Pattern$Curly.match0(Ljava/util/regex/Matcher;IILjava/lang/CharSequence;)Z @ 5
Event: 10.771 Thread 0x0000000019c95800 Uncommon trap: reason=unstable_if action=reinterpret pc=0x00000000045be558 method=com.google.common.base.Objects.equal(Ljava/lang/Object;Ljava/lang/Object;)Z @ 14
Event: 11.267 Thread 0x0000000019c95800 Uncommon trap: reason=predicate action=maybe_recompile pc=0x0000000003cc6108 method=java.util.Arrays.binarySearch0([Ljava/lang/Object;IILjava/lang/Object;Ljava/util/Comparator;)I @ 28
Event: 11.268 Thread 0x0000000019c95800 Uncommon trap: reason=unstable_if action=reinterpret pc=0x0000000004066dd8 method=groovy.lang.MetaClassImpl$1MOPIter.methodNameAction(Ljava/lang/Class;Lorg/codehaus/groovy/runtime/metaclass/MetaMethodIndex$Entry;)V @ 354

Internal exceptions (10 events):
Event: 11.278 Thread 0x0000000019c95800 Exception <a 'java/lang/ClassNotFoundException': org/gradle/api/tasks/bundling/AbstractArchiveTaskCustomizer> (0x00000000e38f9cf8) thrown at [C:\src\android\AOSP-openjdk\external\jetbrains\jdk\hotspot\src\share\vm\classfile\systemDictionary.cpp, line 210]
Event: 11.280 Thread 0x0000000019c95800 Exception <a 'java/lang/ClassNotFoundException': org/gradle/api/tasks/bundling/ZipCustomizer> (0x00000000e3935188) thrown at [C:\src\android\AOSP-openjdk\external\jetbrains\jdk\hotspot\src\share\vm\classfile\systemDictionary.cpp, line 210]
Event: 11.282 Thread 0x0000000019c95800 Exception <a 'java/lang/ClassNotFoundException': org/gradle/jvm/tasks/JarCustomizer> (0x00000000e396e388) thrown at [C:\src\android\AOSP-openjdk\external\jetbrains\jdk\hotspot\src\share\vm\classfile\systemDictionary.cpp, line 210]
Event: 11.283 Thread 0x0000000019c95800 Exception <a 'java/lang/ClassNotFoundException': org/gradle/api/tasks/bundling/JarCustomizer> (0x00000000e39ad738) thrown at [C:\src\android\AOSP-openjdk\external\jetbrains\jdk\hotspot\src\share\vm\classfile\systemDictionary.cpp, line 210]
Event: 11.285 Thread 0x0000000019c95800 Exception <a 'java/lang/ClassNotFoundException': com/android/build/gradle/tasks/AndroidJarTaskCustomizer> (0x00000000e39dd668) thrown at [C:\src\android\AOSP-openjdk\external\jetbrains\jdk\hotspot\src\share\vm\classfile\systemDictionary.cpp, line 210]
Event: 11.286 Thread 0x0000000019c95800 Exception <a 'java/lang/ClassNotFoundException': com/android/build/gradle/tasks/AndroidJarTask_DecoratedCustomizer> (0x00000000e3a0a800) thrown at [C:\src\android\AOSP-openjdk\external\jetbrains\jdk\hotspot\src\share\vm\classfile\systemDictionary.cpp, line}vÔ`®&@
Event: 11.328 Thread 0x0000000019c95800 Exception <a 'java/lang/ClassNotFoundException': com/android/build/gradle/tasks/CheckManifestInInstantRunMode_DecoratedBeanInfo> (0x00000000e3c980d0) thrown at [C:\src\android\AOSP-openjdk\external\jetbrains\jdk\hotspot\src\share\vm\classfile\systemDictionÅ≤[¥F®&@
Event: 11.329 Thread 0x0000000019c95800 Exception <a 'java/lang/ClassNotFoundException': com/android/build/gradle/tasks/CheckManifestInInstantRunModeBeanInfo> (0x00000000e3cabe48) thrown at [C:\src\android\AOSP-openjdk\external\jetbrains\jdk\hotspot\src\share\vm\classfile\systemDictionary.cpp, lô5å®&@
Event: 11.329 Thread 0x0000000019c95800 Exception <a 'java/lang/ClassNotFoundException': com/android/build/gradle/tasks/CheckManifestInInstantRunModeCustomizer> (0x00000000e3cbffa0) thrown at [C:\src\android\AOSP-openjdk\external\jetbrains\jdk\hotspot\src\share\vm\classfile\systemDictionary.cpp,
Event: 11.330 Thread 0x0000000019c95800 Exception <a 'java/lang/ClassNotFoundException': com/android/build/gradle/tasks/CheckManifestInInstantRunMode_DecoratedCustomizer> (0x00000000e3ce9a80) thrown at [C:\src\android\AOSP-openjdk\external\jetbrains\jdk\hotspot\src\share\vm\classfile\systemDictiE≤fnèé&@

Events (10 events):
Event: 11.335 loading class com/android/build/gradle/tasks/fd/FastDeployRuntimeExtractorTask
Event: 11.335 loading class com/android/build/gradle/tasks/fd/FastDeployRuntimeExtractorTask done
Event: 11.338 loading class java/util/jar/JarOutputStream
Event: 11.338 loading class java/util/jar/JarOutputStream done
Event: 11.342 loading class com/android/build/gradle/tasks/fd/GenerateInstantRunAppInfoTask$ConfigAction
Event: 11.342 loading class com/android/build/gradle/tasks/fd/GenerateInstantRunAppInfoTask$ConfigAction done
Event: 11.343 loading class com/android/build/gradle/tasks/fd/GenerateInstantRunAppInfoTask
Event: 11.344 loading class com/android/build/gradle/tasks/fd/GenerateInstantRunAppInfoTask done
Event: 11.349 loading class com/android/build/gradle/tasks/fd/GenerateInstantRunAppInfoTask$ConfigAction
Event: 11.349 loading class com/android/build/gradle/tasks/fd/GenerateInstantRunAppInfoTask$ConfigAction done


Dynamic libraries:
0x00007ff673cb0000 - 0x00007ff673ce1000 	C:\Program Files\Android\Android Studio\jre\bin\java.exe
0x00007ffaf46a0000 - 0x00007ffaf4871000 	C:\Windows\SYSTEM32\ntdll.dll
0x00007ffaf22d0000 - 0x00007ffaf237b000 	C:\Windows\System32\KERNEL32.DLL
0x00007ffaf1740000 - 0x00007ffaf195d000 	C:\Windows\System32\KERNELBASE.dll
0x00007ffaf26a0000 - 0x00007ffaf2742000 	C:\Windows\System32\ADVAPI32.dll
0x00007ffaf21c0000 - 0x00007ffaf225e000 	C:\Windows\System32\msvcrt.dll
0x00007ffaf4570000 - 0x00007ffaf45c9000 	C:\Windows\System32\sechost.dll
0x00007ffaf4000000 - 0x00007ffaf4121000 	C:\Windows\System32\RPCRT4.dll
0x00007ffaf2480000 - 0x00007ffaf25e5000 	C:\Windows\System32\USER32.dll
0x00007ffaf1960000 - 0x00007ffaf197e000 	C:\Windows\System32\win32u.dll
0x00007ffaf45d0000 - 0x00007ffaf4604000 	C:\Windows\System32\GDI32.dll
0x00007ffaf1aa0000 - 0x00007ffaf1c22000 	C:\Windows\System32\gdi32full.dll
0x00007ffae9cf0000 - 0x00007ffae9f6a000 	C:\Windows\WinSxS\amd64_microsoft.windows.common-controls_6595b64144ccf1df_6.0.14393.953_none_42151e83c686086b\COMCTL32.dll
0x00007ffaf1dd0000 - 0x00007ffaf2098000 	C:\Windows\System32\combase.dll
0x00007ffaf1440000 - 0x00007ffaf1535000 	C:\Windows\System32\ucrtbase.dll
0x00007ffaf1a30000 - 0x00007ffaf1a9a000 	C:\Windows\System32\bcryptPrimitives.dll
0x00007ffaf2810000 - 0x00007ffaf283e000 	C:\Windows\System32\IMM32.DLL
0x00007ffaf0a00000 - 0x00007ffaf0a31000 	C:\Windows\system32\DriverStore\FileRepository\nvmii.inf_amd64_d555f104864d7e48\nvinitx.dll
0x00007ffaf09f0000 - 0x00007ffaf09fa000 	C:\Windows\SYSTEM32\VERSION.dll
0x00007ffaf2850000 - 0x00007ffaf3d59000 	C:\Windows\System32\Shell32.dll
0x00007ffaf1980000 - 0x00007ffaf19c2000 	C:\Windows\System32\cfgmgr32.dll
0x00007ffaf0d60000 - 0x00007ffaf143a000 	C:\Windows\System32\windows.storage.dll
0x00007ffaf0b00000 - 0x00007ffaf0b4c000 	C:\Windows\System32\powrprof.dll
0x00007ffaf2750000 - 0x00007ffaf27a2000 	C:\Windows\System32\shlwapi.dll
0x00007ffaf0b50000 - 0x00007ffaf0b5f000 	C:\Windows\System32\kernel.appcore.dll
0x00007ffaf1690000 - 0x00007ffaf1739000 	C:\Windows\System32\shcore.dll
0x00007ffaf0b60000 - 0x00007ffaf0b74000 	C:\Windows\System32\profapi.dll
0x0000000072e90000 - 0x0000000072e96000 	C:\Program Files\NVIDIA Corporation\CoProcManager\_etoured.dll
0x00007ffaed8d0000 - 0x00007ffaed910800 	C:\Program Files\NVIDIA Corporation\CoProcManager\nvd3d9wrapx.dll
0x00007ffaf4140000 - 0x00007ffaf4569000 	C:\Windows\System32\SETUPAPI.dll
0x00007ffaed810000 - 0x00007ffaed83a000 	C:\Program Files\NVIDIA Corporation\CoProcManager\nvdxgiwrapx.dll
0x0000000070d20000 - 0x0000000070df2000 	C:\Program Files\Android\Android Studio\jre\jre\bin\msvcr100.dll
0x0000000070e00000 - 0x0000000071634000 	C:\Program Files\Android\Android Studio\jre\jre\bin\server\jvm.dll
0x00007ffaf25f0000 - 0x00007ffaf25f8000 	C:\Windows\System32\PSAPI.DLL
0x00007ffadaa90000 - 0x00007ffadaa99000 	C:\Windows\SYSTEM32\WSOCK32.dll
0x00007ffaee810000 - 0x00007ffaee833000 	C:\Windows\SYSTEM32\WINMM.dll
0x00007ffaf2260000 - 0x00007ffaf22ca000 	C:\Windows\System32\WS2_32.dll
0x00007ffaee7b0000 - 0x00007ffaee7db000 	C:\Windows\SYSTEM32\WINMMBASE.dll
0x00007ffae58d0000 - 0x00007ffae58df000 	C:\Program Files\Android\Android Studio\jre\jre\bin\verify.dll
0x00007ffaca430000 - 0x00007ffaca459000 	C:\Program Files\Android\Android Studio\jre\jre\bin\java.dll
0x00007ffad8430000 - 0x00007ffad8446000 	C:\Program Files\Android\Android Studio\jre\jre\bin\zip.dll
0x00007ffad64d0000 - 0x00007ffad64ea000 	C:\Program Files\Android\Android Studio\jre\jre\bin\net.dll
0x00007ffaf0380000 - 0x00007ffaf03dc000 	C:\Windows\system32\mswsock.dll
0x00007ffad53a0000 - 0x00007ffad53b1000 	C:\Program Files\Android\Android Studio\jre\jre\bin\nio.dll
0x00007ffac91f0000 - 0x00007ffac9202000 	C:\Users\Dmitry\.gradle\native\19\windows-amd64\native-platform.dll
0x00007ffaf0520000 - 0x00007ffaf0537000 	C:\Windows\SYSTEM32\CRYPTSP.dll
0x00007ffaeff80000 - 0x00007ffaeffb3000 	C:\Windows\system32\rsaenh.dll
0x00007ffaf0a40000 - 0x00007ffaf0a6b000 	C:\Windows\SYSTEM32\bcrypt.dll
0x00007ffaf0200000 - 0x00007ffaf021f000 	C:\Windows\SYSTEM32\USERENV.dll
0x00007ffaf0540000 - 0x00007ffaf054b000 	C:\Windows\SYSTEM32\CRYPTBASE.dll
0x00007ffaf0100000 - 0x00007ffaf0138000 	C:\Windows\SYSTEM32\IPHLPAPI.DLL
0x00007ffaf2840000 - 0x00007ffaf2848000 	C:\Windows\System32\NSI.dll
0x00007ffae9c40000 - 0x00007ffae9c56000 	C:\Windows\SYSTEM32\dhcpcsvc6.DLL
0x00007ffaea350000 - 0x00007ffaea36a000 	C:\Windows\SYSTEM32\dhcpcsvc.DLL
0x00007ffae5690000 - 0x00007ffae569d000 	C:\Program Files\Android\Android Studio\jre\jre\bin\management.dll

VM Arguments:
jvm_args: -Xmx1536m -Dfile.encoding=windows-1251 -Duser.country=RU -Duser.language=ru -Duser.variant 
java_command: org.gradle.launcher.daemon.bootstrap.GradleDaemon 2.14.1
java_class_path (initial): C:\Program Files\Android\Android Studio\gradle\gradle-2.14.1\lib\gradle-launcher-2.14.1.jar
Launcher Type: SUN_STANDARD

Environment Variables:
PATH=C:\ProgramData\Oracle\Java\javapath;C:\Windows\system32;C:\Windows;C:\Windows\System32\Wbem;C:\Windows\System32\WindowsPowerShell\v1.0\;C:\Program Files (x86)\Microsoft SQL Server\Client SDK\ODBC\130\Tools\Binn\;C:\Program Files (x86)\Microsoft SQL Server\130\Tools\Binn\;C:\Program Files (x86)\Microsoft SQL Server\130\DTS\Binn\;C:\Program Files (x86)\Microsoft SQL Server\130\Tools\Binn\ManagementStudio\;C:\Users\Dmitry\.dnx\bin;C:\Program Files\Microsoft DNX\Dnvm\;C:\Program Files\Microsoft SQL Server\120\Tools\Binn\;C:\Program Files\Microsoft SQL Server\130\Tools\Binn\;C:\Program Files\Microsoft SQL Server\Client SDK\ODBC\110\Tools\Binn\;C:\Program Files (x86)\Microsoft SQL Server\120\Tools\Binn\;C:\Program Files\Microsoft SQL Server\120\DTS\Binn\;C:\Program Files (x86)\Microsoft SQL Server\120\Tools\Binn\ManagementStudio\;C:\Program Files (x86)\Microsoft SQL Server\120\DTS\Binn\;C:\Program Files\MATLAB\R2017a\bin;C:\Program Files (x86)\NVIDIA Corporation\PhysX\Common;C:\Users\Dmitry\AppData\Local\Microsoft\WindowsApps;
USERNAME=Dmitry
OS=Windows_NT
PROCESSOR_IDENTIFIER=Intel64 Family 6 Model 42 Stepping 7, GenuineIntel



---------------  S Y S T E M  ---------------

OS: Windows 10.0 , 64 bit Build 14393 (10.0.14393.0)

CPU:total 4 (2 cores per cpu, 2 threads per core) family 6 model 42 stepping 7, cmov, cx8, fxsr, mmx, sse, sse2, sse3, ssse3, sse4.1, sse4.2, popcnt, avx, aes, clmul, ht, tsc, tscinvbit

Memory: 4k page, physical 8293780k(1099760k free), swap 8293780k(5432k free)

vm_info: OpenJDK 64-Bit Server VM (25.76-b03) for windows-amd64 JRE (1.8.0_76-release-b03), built on Jun 29 2016 19:09:20 by "ralucas" with MS VC++ 10.0 (VS2010)

time: Tue Apr 11 22:48:41 2017
elapsed time: 11 seconds (0d 0h 0m 11s)

