#
# There is insufficient memory for the Java Runtime Environment to continue.
# Native memory allocation (malloc) failed to allocate 1232128 bytes for Chunk::new
# Possible reasons:
#   The system is out of physical RAM or swap space
#   In 32 bit mode, the process size limit was hit
# Possible solutions:
#   Reduce memory load on the system
#   Increase physical memory or swap space
#   Check if swap backing store is full
#   Use 64 bit Java on a 64 bit OS
#   Decrease Java heap size (-Xmx/-Xms)
#   Decrease number of Java threads
#   Decrease Java thread stack sizes (-Xss)
#   Set larger code cache with -XX:ReservedCodeCacheSize=
# This output file may be truncated or incomplete.
#
#  Out of Memory Error (allocation.cpp:390), pid=588, tid=0x0000000000001da8
#
# JRE version: OpenJDK Runtime Environment (8.0_76-b03) (build 1.8.0_76-release-b03)
# Java VM: OpenJDK 64-Bit Server VM (25.76-b03 mixed mode windows-amd64 compressed oops)
# Failed to write core dump. Minidumps are not enabled by default on client versions of Windows
#

---------------  T H R E A D  ---------------

Current thread (0x000000001675c800):  JavaThread "C2 CompilerThread1" daemon [_thread_in_native, id=7592, stack(0x0000000017eb0000,0x0000000017fb0000)]

Stack: [0x0000000017eb0000,0x0000000017fb0000]
[error occurred during error reporting (printing stack bounds), id 0xc0000005]

Native frames: (J=compiled Java code, j=interpreted, Vv=VM code, C=native code)


Current CompileTask:
C2: 113566 16094       4       com.android.dx.dex.file.DebugInfoEncoder::emitLocalsAtAddress (150 bytes)


---------------  P R O C E S S  ---------------

Java Threads: ( => current thread )
  0x000000001996f800 JavaThread "pool-135-thread-4" [_thread_new, id=7092, stack(0x0000000000000000,0x0000000000000000)]
  0x0000000019972800 JavaThread "pool-135-thread-3" [_thread_new, id=2748, stack(0x0000000000000000,0x0000000000000000)]
  0x0000000019973000 JavaThread "pool-135-thread-2" [_thread_new, id=6228, stack(0x0000000000000000,0x0000000000000000)]
  0x0000000019971800 JavaThread "pool-136-thread-1" [_thread_new, id=3080, stack(0x0000000000000000,0x0000000000000000)]
  0x000000001996e800 JavaThread "pool-135-thread-1" [_thread_new, id=7852, stack(0x0000000000000000,0x0000000000000000)]
  0x000000001996e000 JavaThread "pool-122-thread-1" [_thread_in_Java, id=5072, stack(0x000000004e6b0000,0x000000004e7b0000)]
  0x0000000019966800 JavaThread "pool-129-thread-4" [_thread_blocked, id=4588, stack(0x000000004e2b0000,0x000000004e3b0000)]
  0x000000001be06000 JavaThread "pool-129-thread-3" [_thread_in_Java, id=2652, stack(0x000000004e1b0000,0x000000004e2b0000)]
  0x000000001bdfe800 JavaThread "pool-129-thread-2" [_thread_blocked, id=6812, stack(0x000000004e0b0000,0x000000004e1b0000)]
  0x000000001be05000 JavaThread "pool-130-thread-1" [_thread_blocked, id=7340, stack(0x000000004dfb0000,0x000000004e0b0000)]
  0x000000001be04800 JavaThread "pool-129-thread-1" [_thread_blocked, id=2292, stack(0x000000004deb0000,0x000000004dfb0000)]
  0x000000001be03800 JavaThread "pool-126-thread-4" [_thread_in_Java, id=428, stack(0x000000004ddb0000,0x000000004deb0000)]
  0x000000001bdfc000 JavaThread "pool-126-thread-3" [_thread_in_Java, id=5424, stack(0x000000004dcb0000,0x000000004ddb0000)]
  0x000000001be03000 JavaThread "pool-126-thread-2" [_thread_in_Java, id=7776, stack(0x000000004dbb0000,0x000000004dcb0000)]
  0x000000001bdfb800 JavaThread "pool-127-thread-1" [_thread_blocked, id=6500, stack(0x000000004dab0000,0x000000004dbb0000)]
  0x000000001be02000 JavaThread "pool-126-thread-1" [_thread_in_Java, id=1600, stack(0x000000004d9b0000,0x000000004dab0000)]
  0x000000001996d000 JavaThread "pool-107-thread-4" [_thread_blocked, id=5056, stack(0x0000000041eb0000,0x0000000041fb0000)]
  0x000000001996c800 JavaThread "pool-107-thread-3" [_thread_blocked, id=4488, stack(0x0000000041db0000,0x0000000041eb0000)]
  0x000000001996b800 JavaThread "pool-107-thread-2" [_thread_blocked, id=5484, stack(0x0000000041cb0000,0x0000000041db0000)]
  0x0000000019964000 JavaThread "pool-107-thread-1" [_thread_blocked, id=3788, stack(0x0000000041bb0000,0x0000000041cb0000)]
  0x0000000019969800 JavaThread "Stdin handler" [_thread_blocked, id=440, stack(0x0000000041ab0000,0x0000000041bb0000)]
  0x000000001996a000 JavaThread "Asynchronous log dispatcher for org.gradle.launcher.daemon.server.DefaultDaemonConnection@29f5cf69" [_thread_blocked, id=1300, stack(0x00000000419b0000,0x0000000041ab0000)]
  0x0000000019965000 JavaThread "Daemon worker Thread 2" [_thread_blocked, id=7740, stack(0x00000000418b0000,0x00000000419b0000)]
  0x0000000019968000 JavaThread "Cancel handler" [_thread_blocked, id=6532, stack(0x00000000417b0000,0x00000000418b0000)]
  0x0000000019968800 JavaThread "Handler for socket connection from /127.0.0.1:27962 to /127.0.0.1:28065" [_thread_in_native, id=3112, stack(0x00000000416b0000,0x00000000417b0000)]
  0x0000000019965800 JavaThread "Daemon Thread 2" [_thread_blocked, id=5400, stack(0x00000000415b0000,0x00000000416b0000)]
  0x000000001e067800 JavaThread "pool-9-thread-4" [_thread_blocked, id=4324, stack(0x00000000367b0000,0x00000000368b0000)]
  0x000000001e066000 JavaThread "pool-9-thread-3" [_thread_in_Java, id=4936, stack(0x00000000366b0000,0x00000000367b0000)]
  0x000000001e06a000 JavaThread "pool-9-thread-2" [_thread_blocked, id=2704, stack(0x00000000365b0000,0x00000000366b0000)]
  0x000000001e069000 JavaThread "pool-9-thread-1" [_thread_blocked, id=1720, stack(0x00000000364b0000,0x00000000365b0000)]
  0x000000001c8ae800 JavaThread "File lock request listener" [_thread_in_native, id=7936, stack(0x000000001d600000,0x000000001d700000)]
  0x00000000191d6800 JavaThread "pool-1-thread-1" [_thread_blocked, id=7940, stack(0x000000001a960000,0x000000001aa60000)]
  0x00000000192b1000 JavaThread "Incoming local TCP Connector on port 27962" [_thread_in_native, id=4244, stack(0x000000001a260000,0x000000001a360000)]
  0x00000000180d2800 JavaThread "Service Thread" daemon [_thread_blocked, id=1416, stack(0x00000000184b0000,0x00000000185b0000)]
  0x0000000016760000 JavaThread "C1 CompilerThread2" daemon [_thread_blocked, id=2288, stack(0x0000000017fb0000,0x00000000180b0000)]
=>0x000000001675c800 JavaThread "C2 CompilerThread1" daemon [_thread_in_native, id=7592, stack(0x0000000017eb0000,0x0000000017fb0000)]
  0x000000001675b000 JavaThread "C2 CompilerThread0" daemon [_thread_in_native, id=5620, stack(0x0000000017db0000,0x0000000017eb0000)]
  0x000000001675a000 JavaThread "Attach Listener" daemon [_thread_blocked, id=4216, stack(0x0000000017cb0000,0x0000000017db0000)]
  0x0000000016766800 JavaThread "Signal Dispatcher" daemon [_thread_blocked, id=2556, stack(0x0000000017bb0000,0x0000000017cb0000)]
  0x0000000016748800 JavaThread "Finalizer" daemon [_thread_blocked, id=2304, stack(0x00000000179c0000,0x0000000017ac0000)]
  0x0000000002de3000 JavaThread "Reference Handler" daemon [_thread_blocked, id=4392, stack(0x00000000178c0000,0x00000000179c0000)]
  0x0000000002cf0800 JavaThread "main" [_thread_blocked, id=3260, stack(0x0000000002bf0000,0x0000000002cf0000)]

Other Threads:
  0x0000000016725800 VMThread [stack: 0x00000000177c0000,0x00000000178c0000] [id=3984]
  0x00000000180d8000 WatcherThread [stack: 0x00000000185b0000,0x00000000186b0000] [id=1228]

VM state:not at safepoint (normal execution)

VM Mutex/Monitor currently owned by a thread: None

Heap:
 PSYoungGen      total 428032K, used 134719K [0x00000000e0000000, 0x0000000100000000, 0x0000000100000000)
  eden space 343040K, 24% used [0x00000000e0000000,0x00000000e522dc30,0x00000000f4f00000)
  from space 84992K, 59% used [0x00000000f4f00000,0x00000000f80620c8,0x00000000fa200000)
  to   space 88064K, 0% used [0x00000000faa00000,0x00000000faa00000,0x0000000100000000)
 ParOldGen       total 234496K, used 62466K [0x00000000a0000000, 0x00000000ae500000, 0x00000000e0000000)
  object space 234496K, 26% used [0x00000000a0000000,0x00000000a3d00a88,0x00000000ae500000)
 Metaspace       used 68395K, capacity 70436K, committed 70528K, reserved 1110016K
  class space    used 8552K, capacity 9026K, committed 9088K, reserved 1048576K

Card table byte_map: [0x00000000121b0000,0x00000000124c0000] byte_map_base: 0x0000000011cb0000

Marking Bits: (ParMarkBitMap*) 0x0000000063f39d00
 Begin Bits: [0x0000000012ac0000, 0x00000000142c0000)
 End Bits:   [0x00000000142c0000, 0x0000000015ac0000)

Polling page: 0x0000000002b00000

CodeCache: size=245760Kb used=45685Kb max_used=45712Kb free=200074Kb
 bounds [0x0000000002df0000, 0x0000000005b10000, 0x0000000011df0000]
 total_blobs=13952 nmethods=13206 adapters=658
 compilation: enabled

Compilation events (10 events):
Event: 113.290 Thread 0x0000000016760000 16187       2       com.android.dx.dex.file.UniformItemSection::writeSize (38 bytes)
Event: 113.290 Thread 0x0000000016760000 nmethod 16187 0x000000000363f550 code [0x000000000363f700, 0x000000000363f968]
Event: 113.291 Thread 0x0000000016760000 16188       2       com.android.dx.dex.file.MixedItemSection::writeSize (9 bytes)
Event: 113.291 Thread 0x0000000016760000 nmethod 16188 0x00000000038de9d0 code [0x00000000038deb40, 0x00000000038ded48]
Event: 113.357 Thread 0x000000001675b000 nmethod 16164 0x0000000005ae3850 code [0x0000000005ae3b60, 0x0000000005ae6830]
Event: 113.357 Thread 0x000000001675b000 16186       4       com.android.dx.dex.file.DebugInfoEncoder::emitHeader (530 bytes)
Event: 113.375 Thread 0x0000000016760000 16189       2       com.android.dx.rop.annotation.Annotation::add (72 bytes)
Event: 113.376 Thread 0x0000000016760000 nmethod 16189 0x0000000003596050 code [0x0000000003596240, 0x00000000035968a8]
Event: 113.443 Thread 0x0000000016760000 16190       2       com.android.dx.rop.cst.CstInterfaceMethodRef::toMethodRef (31 bytes)
Event: 113.444 Thread 0x0000000016760000 nmethod 16190 0x00000000034df250 code [0x00000000034df3c0, 0x00000000034df638]

GC Heap History (10 events):
Event: 36.314 GC heap before
{Heap before GC invocations=26 (full 5):
 PSYoungGen      total 336896K, used 6166K [0x00000000e0000000, 0x00000000ff980000, 0x0000000100000000)
  eden space 330240K, 0% used [0x00000000e0000000,0x00000000e0000000,0x00000000f4280000)
  from space 6656K, 92% used [0x00000000f4280000,0x00000000f4885b90,0x00000000f4900000)
  to   space 93696K, 0% used [0x00000000f9e00000,0x00000000f9e00000,0x00000000ff980000)
 ParOldGen       total 234496K, used 80934K [0x00000000a0000000, 0x00000000ae500000, 0x00000000e0000000)
  object space 234496K, 34% used [0x00000000a0000000,0x00000000a4f09840,0x00000000ae500000)
 Metaspace       used 66425K, capacity 68228K, committed 68608K, reserved 1110016K
  class space    used 8434K, capacity 8854K, committed 8960K, reserved 1048576K
Event: 36.651 GC heap after
Heap after GC invocations=26 (full 5):
 PSYoungGen      total 336896K, used 0K [0x00000000e0000000, 0x00000000ff980000, 0x0000000100000000)
  eden space 330240K, 0% used [0x00000000e0000000,0x00000000e0000000,0x00000000f4280000)
  from space 6656K, 0% used [0x00000000f4280000,0x00000000f4280000,0x00000000f4900000)
  to   space 93696K, 0% used [0x00000000f9e00000,0x00000000f9e00000,0x00000000ff980000)
 ParOldGen       total 234496K, used 41698K [0x00000000a0000000, 0x00000000ae500000, 0x00000000e0000000)
  object space 234496K, 17% used [0x00000000a0000000,0x00000000a28b88c8,0x00000000ae500000)
 Metaspace       used 66425K, capacity 68228K, committed 68608K, reserved 1110016K
  class space    used 8434K, capacity 8854K, committed 8960K, reserved 1048576K
}
Event: 105.093 GC heap before
{Heap before GC invocations=27 (full 5):
 PSYoungGen      total 336896K, used 330240K [0x00000000e0000000, 0x00000000ff980000, 0x0000000100000000)
  eden space 330240K, 100% used [0x00000000e0000000,0x00000000f4280000,0x00000000f4280000)
  from space 6656K, 0% used [0x00000000f4280000,0x00000000f4280000,0x00000000f4900000)
  to   space 93696K, 0% used [0x00000000f9e00000,0x00000000f9e00000,0x00000000ff980000)
 ParOldGen       total 234496K, used 41698K [0x00000000a0000000, 0x00000000ae500000, 0x00000000e0000000)
  object space 234496K, 17% used [0x00000000a0000000,0x00000000a28b88c8,0x00000000ae500000)
 Metaspace       used 67253K, capacity 69212K, committed 69376K, reserved 1110016K
  class space    used 8464K, capacity 8910K, committed 8960K, reserved 1048576K
Event: 105.126 GC heap after
Heap after GC invocations=27 (full 5):
 PSYoungGen      total 425984K, used 8053K [0x00000000e0000000, 0x0000000100000000, 0x0000000100000000)
  eden space 332288K, 0% used [0x00000000e0000000,0x00000000e0000000,0x00000000f4480000)
  from space 93696K, 8% used [0x00000000f9e00000,0x00000000fa5dd578,0x00000000ff980000)
  to   space 91648K, 0% used [0x00000000f4480000,0x00000000f4480000,0x00000000f9e00000)
 ParOldGen       total 234496K, used 41706K [0x00000000a0000000, 0x00000000ae500000, 0x00000000e0000000)
  object space 234496K, 17% used [0x00000000a0000000,0x00000000a28ba8c8,0x00000000ae500000)
 Metaspace       used 67253K, capacity 69212K, committed 69376K, reserved 1110016K
  class space    used 8464K, capacity 8910K, committed 8960K, reserved 1048576K
}
Event: 108.521 GC heap before
{Heap before GC invocations=28 (full 5):
 PSYoungGen      total 425984K, used 340191K [0x00000000e0000000, 0x0000000100000000, 0x0000000100000000)
  eden space 332288K, 99% used [0x00000000e0000000,0x00000000f445a988,0x00000000f4480000)
  from space 93696K, 8% used [0x00000000f9e00000,0x00000000fa5dd578,0x00000000ff980000)
  to   space 91648K, 0% used [0x00000000f4480000,0x00000000f4480000,0x00000000f9e00000)
 ParOldGen       total 234496K, used 41706K [0x00000000a0000000, 0x00000000ae500000, 0x00000000e0000000)
  object space 234496K, 17% used [0x00000000a0000000,0x00000000a28ba8c8,0x00000000ae500000)
 Metaspace       used 67741K, capacity 69648K, committed 69888K, reserved 1110016K
  class space    used 8470K, capacity 8918K, committed 8960K, reserved 1048576K
Event: 108.533 GC heap after
Heap after GC invocations=28 (full 5):
 PSYoungGen      total 423936K, used 2819K [0x00000000e0000000, 0x00000000ffa00000, 0x0000000100000000)
  eden space 332288K, 0% used [0x00000000e0000000,0x00000000e0000000,0x00000000f4480000)
  from space 91648K, 3% used [0x00000000f4480000,0x00000000f4740c20,0x00000000f9e00000)
  to   space 89600K, 0% used [0x00000000fa280000,0x00000000fa280000,0x00000000ffa00000)
 ParOldGen       total 234496K, used 46166K [0x00000000a0000000, 0x00000000ae500000, 0x00000000e0000000)
  object space 234496K, 19% used [0x00000000a0000000,0x00000000a2d15b80,0x00000000ae500000)
 Metaspace       used 67741K, capacity 69648K, committed 69888K, reserved 1110016K
  class space    used 8470K, capacity 8918K, committed 8960K, reserved 1048576K
}
Event: 111.133 GC heap before
{Heap before GC invocations=29 (full 5):
 PSYoungGen      total 423936K, used 335107K [0x00000000e0000000, 0x00000000ffa00000, 0x0000000100000000)
  eden space 332288K, 100% used [0x00000000e0000000,0x00000000f4480000,0x00000000f4480000)
  from space 91648K, 3% used [0x00000000f4480000,0x00000000f4740c20,0x00000000f9e00000)
  to   space 89600K, 0% used [0x00000000fa280000,0x00000000fa280000,0x00000000ffa00000)
 ParOldGen       total 234496K, used 46166K [0x00000000a0000000, 0x00000000ae500000, 0x00000000e0000000)
  object space 234496K, 19% used [0x00000000a0000000,0x00000000a2d15b80,0x00000000ae500000)
 Metaspace       used 68392K, capacity 70436K, committed 70528K, reserved 1110016K
  class space    used 8552K, capacity 9026K, committed 9088K, reserved 1048576K
Event: 111.198 GC heap after
Heap after GC invocations=29 (full 5):
 PSYoungGen      total 427520K, used 30205K [0x00000000e0000000, 0x00000000ff500000, 0x0000000100000000)
  eden space 343040K, 0% used [0x00000000e0000000,0x00000000e0000000,0x00000000f4f00000)
  from space 84480K, 35% used [0x00000000fa280000,0x00000000fbfff700,0x00000000ff500000)
  to   space 84992K, 0% used [0x00000000f4f00000,0x00000000f4f00000,0x00000000fa200000)
 ParOldGen       total 234496K, used 47906K [0x00000000a0000000, 0x00000000ae500000, 0x00000000e0000000)
  object space 234496K, 20% used [0x00000000a0000000,0x00000000a2ec8bb0,0x00000000ae500000)
 Metaspace       used 68392K, capacity 70436K, committed 70528K, reserved 1110016K
  class space    used 8552K, capacity 9026K, committed 9088K, reserved 1048576K
}
Event: 113.066 GC heap before
{Heap before GC invocations=30 (full 5):
 PSYoungGen      total 427520K, used 373245K [0x00000000e0000000, 0x00000000ff500000, 0x0000000100000000)
  eden space 343040K, 100% used [0x00000000e0000000,0x00000000f4f00000,0x00000000f4f00000)
  from space 84480K, 35% used [0x00000000fa280000,0x00000000fbfff700,0x00000000ff500000)
  to   space 84992K, 0% used [0x00000000f4f00000,0x00000000f4f00000,0x00000000fa200000)
 ParOldGen       total 234496K, used 47906K [0x00000000a0000000, 0x00000000ae500000, 0x00000000e0000000)
  object space 234496K, 20% used [0x00000000a0000000,0x00000000a2ec8bb0,0x00000000ae500000)
 Metaspace       used 68394K, capacity 70436K, committed 70528K, reserved 1110016K
  class space    used 8552K, capacity 9026K, committed 9088K, reserved 1048576K
Event: 113.246 GC heap after
Heap after GC invocations=30 (full 5):
 PSYoungGen      total 428032K, used 50568K [0x00000000e0000000, 0x0000000100000000, 0x0000000100000000)
  eden space 343040K, 0% used [0x00000000e0000000,0x00000000e0000000,0x00000000f4f00000)
  from space 84992K, 59% used [0x00000000f4f00000,0x00000000f80620c8,0x00000000fa200000)
  to   space 88064K, 0% used [0x00000000faa00000,0x00000000faa00000,0x0000000100000000)
 ParOldGen       total 234496K, used 62466K [0x00000000a0000000, 0x00000000ae500000, 0x00000000e0000000)
  object space 234496K, 26% used [0x00000000a0000000,0x00000000a3d00a88,0x00000000ae500000)
 Metaspace       used 68394K, capacity 70436K, committed 70528K, reserved 1110016K
  class space    used 8552K, capacity 9026K, committed 9088K, reserved 1048576K
}

Deoptimization events (10 events):
Event: 109.490 Thread 0x0000000019965000 Uncommon trap: reason=array_check action=maybe_recompile pc=0x00000000059533fc method=java.util.TimSort.reverseRange([Ljava/lang/Object;II)V @ 20
Event: 110.262 Thread 0x000000001bdfd000 Uncommon trap: reason=unstable_if action=reinterpret pc=0x0000000005149b54 method=com.android.dx.dex.code.RopTranslator.outputBlock(Lcom/android/dx/rop/code/BasicBlock;I)V @ 140
Event: 110.475 Thread 0x000000001e06a000 Uncommon trap: reason=unstable_if action=reinterpret pc=0x0000000004bbce68 method=com.android.dx.util.BitIntSet.has(I)Z @ 8
Event: 110.475 Thread 0x000000001e06a000 Uncommon trap: reason=unstable_if action=reinterpret pc=0x0000000004f0ee2c method=com.android.dx.util.BitIntSet.has(I)Z @ 8
Event: 110.486 Thread 0x000000001e06a000 Uncommon trap: reason=unstable_if action=reinterpret pc=0x0000000004be9718 method=com.android.dx.util.BitIntSet.has(I)Z @ 8
Event: 110.626 Thread 0x000000001e069000 Uncommon trap: reason=class_check action=maybe_recompile pc=0x0000000004e5c024 method=com.android.dx.ssa.back.InterferenceGraph.mergeInterferenceSet(ILcom/android/dx/util/IntSet;)V @ 20
Event: 110.627 Thread 0x000000001e069000 Uncommon trap: reason=class_check action=maybe_recompile pc=0x0000000004e5c024 method=com.android.dx.ssa.back.InterferenceGraph.mergeInterferenceSet(ILcom/android/dx/util/IntSet;)V @ 20
Event: 110.627 Thread 0x000000001e069000 Uncommon trap: reason=class_check action=maybe_recompile pc=0x0000000004e5c024 method=com.android.dx.ssa.back.InterferenceGraph.mergeInterferenceSet(ILcom/android/dx/util/IntSet;)V @ 20
Event: 110.627 Thread 0x000000001e069000 Uncommon trap: reason=class_check action=maybe_recompile pc=0x0000000004e5c024 method=com.android.dx.ssa.back.InterferenceGraph.mergeInterferenceSet(ILcom/android/dx/util/IntSet;)V @ 20
Event: 111.373 Thread 0x000000001bdf7800 Uncommon trap: reason=unstable_if action=reinterpret pc=0x0000000003832864 method=com.android.dx.rop.code.LocalItem.compareHandlesNulls(Lcom/android/dx/rop/cst/CstString;Lcom/android/dx/rop/cst/CstString;)I @ 8

Internal exceptions (10 events):
Event: 36.668 Thread 0x0000000019314800 Exception <a 'java/lang/NoSuchMethodError': <clinit>> (0x00000000e06acb58) thrown at [C:\src\android\AOSP-openjdk\external\jetbrains\jdk\hotspot\src\share\vm\prims\jni.cpp, line 1591]
Event: 98.348 Thread 0x0000000019965000 Exception <a 'java/lang/ClassNotFoundException': asLocalRepo435_4vtqfyxjgy5n6lzo5yrcsj6srBeanInfo> (0x00000000e123b468) thrown at [C:\src\android\AOSP-openjdk\external\jetbrains\jdk\hotspot\src\share\vm\classfile\systemDictionary.cpp, line 210]
Event: 98.357 Thread 0x0000000019965000 Exception <a 'java/lang/ClassNotFoundException': asLocalRepo435_4vtqfyxjgy5n6lzo5yrcsj6srCustomizer> (0x00000000e1245000) thrown at [C:\src\android\AOSP-openjdk\external\jetbrains\jdk\hotspot\src\share\vm\classfile\systemDictionary.cpp, line 210]
Event: 98.436 Thread 0x0000000019965000 Implicit null exception at 0x0000000004214d27 to 0x000000000421538d
Event: 98.437 Thread 0x0000000019965000 Implicit null exception at 0x00000000041cb517 to 0x00000000041cb7c9
Event: 99.294 Thread 0x0000000019965000 Exception <a 'java/lang/reflect/InvocationTargetException'> (0x00000000e58b8a48) thrown at [C:\src\android\AOSP-openjdk\external\jetbrains\jdk\hotspot\src\share\vm\runtime\reflection.cpp, line 1092]
Event: 105.322 Thread 0x0000000019965000 Implicit null exception at 0x00000000045b3274 to 0x00000000045b3575
Event: 108.325 Thread 0x000000001996d000 Exception <a 'sun/nio/fs/WindowsException'> (0x00000000e747ae80) thrown at [C:\src\android\AOSP-openjdk\external\jetbrains\jdk\hotspot\src\share\vm\prims\jni.cpp, line 709]
Event: 108.592 Thread 0x0000000019965000 Implicit null exception at 0x0000000004a91155 to 0x0000000004a91555
Event: 111.373 Thread 0x000000001bdf7800 Implicit null exception at 0x000000000383184d to 0x0000000003832841

Events (10 events):
Event: 113.369 Thread 0x000000001be03800 DEOPT PACKING pc=0x000000000497a5e8 sp=0x000000004deae700
Event: 113.369 Thread 0x000000001be03800 DEOPT UNPACKING pc=0x0000000002e375bf sp=0x000000004deae448 mode 0
Event: 113.389 Thread 0x000000001be03000 DEOPT PACKING pc=0x0000000004d1a845 sp=0x000000004dcae940
Event: 113.389 Thread 0x000000001be03000 DEOPT UNPACKING pc=0x0000000002e375bf sp=0x000000004dcae6d0 mode 0
Event: 113.467 Thread 0x000000001be02000 DEOPT PACKING pc=0x000000000497a5e8 sp=0x000000004daaebd0
Event: 113.467 Thread 0x000000001be02000 DEOPT UNPACKING pc=0x0000000002e375bf sp=0x000000004daae918 mode 0
Event: 113.480 Thread 0x000000001be02000 DEOPT PACKING pc=0x0000000004d1a899 sp=0x000000004daaebf0
Event: 113.480 Thread 0x000000001be02000 DEOPT UNPACKING pc=0x0000000002e375bf sp=0x000000004daae980 mode 0
Event: 113.537 Thread 0x000000001e066000 DEOPT PACKING pc=0x0000000004d1a845 sp=0x00000000367ade10
Event: 113.538 Thread 0x000000001e066000 DEOPT UNPACKING pc=0x0000000002e375bf sp=0x00000000367adba0 mode 0


Dynamic libraries:
0x00007ff782e20000 - 0x00007ff782e51000 	C:\Program Files\Android\Android Studio\jre\bin\java.exe
0x00007ff911330000 - 0x00007ff911501000 	C:\Windows\SYSTEM32\ntdll.dll
0x00007ff910720000 - 0x00007ff9107cb000 	C:\Windows\System32\KERNEL32.DLL
0x00007ff90e5a0000 - 0x00007ff90e7bd000 	C:\Windows\System32\KERNELBASE.dll
0x00007ff910ef0000 - 0x00007ff910f92000 	C:\Windows\System32\ADVAPI32.dll
0x00007ff90e8c0000 - 0x00007ff90e95e000 	C:\Windows\System32\msvcrt.dll
0x00007ff90e960000 - 0x00007ff90e9b9000 	C:\Windows\System32\sechost.dll
0x00007ff9107d0000 - 0x00007ff9108f1000 	C:\Windows\System32\RPCRT4.dll
0x00007ff9111c0000 - 0x00007ff911325000 	C:\Windows\System32\USER32.dll
0x00007ff90e290000 - 0x00007ff90e2ae000 	C:\Windows\System32\win32u.dll
0x00007ff90ef90000 - 0x00007ff90efc4000 	C:\Windows\System32\GDI32.dll
0x00007ff90dfb0000 - 0x00007ff90e132000 	C:\Windows\System32\gdi32full.dll
0x00007ff901410000 - 0x00007ff90168a000 	C:\Windows\WinSxS\amd64_microsoft.windows.common-controls_6595b64144ccf1df_6.0.14393.953_none_42151e83c686086b\COMCTL32.dll
0x00007ff90eaf0000 - 0x00007ff90edb8000 	C:\Windows\System32\combase.dll
0x00007ff90e7c0000 - 0x00007ff90e8b5000 	C:\Windows\System32\ucrtbase.dll
0x00007ff90e4e0000 - 0x00007ff90e54a000 	C:\Windows\System32\bcryptPrimitives.dll
0x00007ff90f040000 - 0x00007ff90f06e000 	C:\Windows\System32\IMM32.DLL
0x00007ff90c670000 - 0x00007ff90c6a1800 	C:\Windows\system32\DriverStore\FileRepository\nvmii.inf_amd64_85330ff976332cdb\nvinitx.dll
0x00007ff90c660000 - 0x00007ff90c66a000 	C:\Windows\SYSTEM32\VERSION.dll
0x00007ff90f070000 - 0x00007ff910579000 	C:\Windows\System32\Shell32.dll
0x00007ff90e550000 - 0x00007ff90e592000 	C:\Windows\System32\cfgmgr32.dll
0x00007ff90d8d0000 - 0x00007ff90dfaa000 	C:\Windows\System32\windows.storage.dll
0x00007ff90d7a0000 - 0x00007ff90d7ec000 	C:\Windows\System32\powrprof.dll
0x00007ff90efe0000 - 0x00007ff90f032000 	C:\Windows\System32\shlwapi.dll
0x00007ff90d790000 - 0x00007ff90d79f000 	C:\Windows\System32\kernel.appcore.dll
0x00007ff90d820000 - 0x00007ff90d8c9000 	C:\Windows\System32\shcore.dll
0x00007ff90d7f0000 - 0x00007ff90d804000 	C:\Windows\System32\profapi.dll
0x0000000064680000 - 0x0000000064686000 	C:\Program Files\NVIDIA Corporation\CoProcManager\_etoured.dll
0x00007ff90a660000 - 0x00007ff90a6a0800 	C:\Program Files\NVIDIA Corporation\CoProcManager\nvd3d9wrapx.dll
0x00007ff910960000 - 0x00007ff910d89000 	C:\Windows\System32\SETUPAPI.dll
0x00007ff90a590000 - 0x00007ff90a5ba000 	C:\Program Files\NVIDIA Corporation\CoProcManager\nvdxgiwrapx.dll
0x00000000635f0000 - 0x00000000636c2000 	C:\Program Files\Android\Android Studio\jre\jre\bin\msvcr100.dll
0x0000000063780000 - 0x0000000063fb4000 	C:\Program Files\Android\Android Studio\jre\jre\bin\server\jvm.dll
0x00007ff911140000 - 0x00007ff911148000 	C:\Windows\System32\PSAPI.DLL
0x00007ff90ac80000 - 0x00007ff90aca3000 	C:\Windows\SYSTEM32\WINMM.dll
0x00007ff905710000 - 0x00007ff905719000 	C:\Windows\SYSTEM32\WSOCK32.dll
0x00007ff90ef20000 - 0x00007ff90ef8a000 	C:\Windows\System32\WS2_32.dll
0x0000000002b10000 - 0x0000000002b3b000 	C:\Windows\SYSTEM32\WINMMBASE.dll
0x00007ff9058a0000 - 0x00007ff9058af000 	C:\Program Files\Android\Android Studio\jre\jre\bin\verify.dll
0x00007ff9013a0000 - 0x00007ff9013c9000 	C:\Program Files\Android\Android Studio\jre\jre\bin\java.dll
0x00007ff902a40000 - 0x00007ff902a56000 	C:\Program Files\Android\Android Studio\jre\jre\bin\zip.dll
0x00007ff902900000 - 0x00007ff90291a000 	C:\Program Files\Android\Android Studio\jre\jre\bin\net.dll
0x00007ff90d0c0000 - 0x00007ff90d11c000 	C:\Windows\system32\mswsock.dll
0x00007ff900ce0000 - 0x00007ff900cf1000 	C:\Program Files\Android\Android Studio\jre\jre\bin\nio.dll
0x00007ff900130000 - 0x00007ff900142000 	C:\Users\Dmitry\.gradle\native\19\windows-amd64\native-platform.dll
0x00007ff90d260000 - 0x00007ff90d277000 	C:\Windows\SYSTEM32\CRYPTSP.dll
0x00007ff90ccc0000 - 0x00007ff90ccf3000 	C:\Windows\system32\rsaenh.dll
0x00007ff90d370000 - 0x00007ff90d39b000 	C:\Windows\SYSTEM32\bcrypt.dll
0x00007ff90cf40000 - 0x00007ff90cf5f000 	C:\Windows\SYSTEM32\USERENV.dll
0x00007ff90d280000 - 0x00007ff90d28b000 	C:\Windows\SYSTEM32\CRYPTBASE.dll
0x00007ff90ce40000 - 0x00007ff90ce78000 	C:\Windows\SYSTEM32\IPHLPAPI.DLL
0x00007ff90e9e0000 - 0x00007ff90e9e8000 	C:\Windows\System32\NSI.dll
0x00007ff906ee0000 - 0x00007ff906ef6000 	C:\Windows\SYSTEM32\dhcpcsvc6.DLL
0x00007ff906e60000 - 0x00007ff906e7a000 	C:\Windows\SYSTEM32\dhcpcsvc.DLL
0x00007ff905890000 - 0x00007ff90589d000 	C:\Program Files\Android\Android Studio\jre\jre\bin\management.dll
0x00007ff90cb90000 - 0x00007ff90cbc2000 	C:\Windows\SYSTEM32\ntmarta.dll
0x00007ff900c10000 - 0x00007ff900c34000 	C:\Program Files\Android\Android Studio\jre\jre\bin\sunec.dll
0x00007ff905780000 - 0x00007ff90578b000 	C:\Program Files\Android\Android Studio\jre\jre\bin\sunmscapi.dll
0x00000000237c0000 - 0x0000000023989000 	C:\Windows\System32\CRYPT32.dll
0x00007ff90d810000 - 0x00007ff90d820000 	C:\Windows\System32\MSASN1.dll

VM Arguments:
jvm_args: -Xmx1536m -Dfile.encoding=windows-1251 -Duser.country=RU -Duser.language=ru -Duser.variant 
java_command: org.gradle.launcher.daemon.bootstrap.GradleDaemon 2.14.1
java_class_path (initial): C:\Program Files\Android\Android Studio\gradle\gradle-2.14.1\lib\gradle-launcher-2.14.1.jar
Launcher Type: SUN_STANDARD

Environment Variables:
PATH=C:\ProgramData\Oracle\Java\javapath;C:\Windows\system32;C:\Windows;C:\Windows\System32\Wbem;C:\Windows\System32\WindowsPowerShell\v1.0\;C:\Program Files (x86)\Microsoft SQL Server\Client SDK\ODBC\130\Tools\Binn\;C:\Program Files (x86)\Microsoft SQL Server\130\Tools\Binn\;C:\Program Files (x86)\Microsoft SQL Server\130\DTS\Binn\;C:\Program Files (x86)\Microsoft SQL Server\130\Tools\Binn\ManagementStudio\;C:\Windows\system32\config\systemprofile\.dnx\bin;C:\Program Files\Microsoft DNX\Dnvm\;C:\Program Files\Microsoft SQL Server\120\Tools\Binn\;C:\Program Files\Microsoft SQL Server\130\Tools\Binn\;C:\Program Files\Microsoft SQL Server\Client SDK\ODBC\110\Tools\Binn\;C:\Program Files (x86)\Microsoft SQL Server\120\Tools\Binn\;C:\Program Files\Microsoft SQL Server\120\DTS\Binn\;C:\Program Files (x86)\Microsoft SQL Server\120\Tools\Binn\ManagementStudio\;C:\Program Files (x86)\Microsoft SQL Server\120\DTS\Binn\;C:\Program Files\MATLAB\R2017a\bin;C:\Users\Dmitry\AppData\Local\Microsoft\WindowsApps;
USERNAME=Dmitry
OS=Windows_NT
PROCESSOR_IDENTIFIER=Intel64 Family 6 Model 42 Stepping 7, GenuineIntel



---------------  S Y S T E M  ---------------

OS: Windows 10.0 , 64 bit Build 14393 (10.0.14393.0)

CPU:total 4 (2 cores per cpu, 2 threads per core) family 6 model 42 stepping 7, cmov, cx8, fxsr, mmx, sse, sse2, sse3, ssse3, sse4.1, sse4.2, popcnt, avx, aes, clmul, ht, tsc, tscinvbit

Memory: 4k page, physical 8293780k(505260k free), swap 8293780k(5128k free)

vm_info: OpenJDK 64-Bit Server VM (25.76-b03) for windows-amd64 JRE (1.8.0_76-release-b03), built on Jun 29 2016 19:09:20 by "ralucas" with MS VC++ 10.0 (VS2010)

time: Tue Mar 28 21:12:18 2017
elapsed time: 113 seconds (0d 0h 1m 53s)

