#
# There is insufficient memory for the Java Runtime Environment to continue.
# Native memory allocation (malloc) failed to allocate 292016 bytes for Chunk::new
# Possible reasons:
#   The system is out of physical RAM or swap space
#   In 32 bit mode, the process size limit was hit
# Possible solutions:
#   Reduce memory load on the system
#   Increase physical memory or swap space
#   Check if swap backing store is full
#   Use 64 bit Java on a 64 bit OS
#   Decrease Java heap size (-Xmx/-Xms)
#   Decrease number of Java threads
#   Decrease Java thread stack sizes (-Xss)
#   Set larger code cache with -XX:ReservedCodeCacheSize=
# This output file may be truncated or incomplete.
#
#  Out of Memory Error (allocation.cpp:390), pid=4820, tid=0x0000000000001338
#
# JRE version: OpenJDK Runtime Environment (8.0_76-b03) (build 1.8.0_76-release-b03)
# Java VM: OpenJDK 64-Bit Server VM (25.76-b03 mixed mode windows-amd64 compressed oops)
# Failed to write core dump. Minidumps are not enabled by default on client versions of Windows
#

---------------  T H R E A D  ---------------

Current thread (0x000000001666e000):  JavaThread "C2 CompilerThread1" daemon [_thread_in_native, id=4920, stack(0x0000000017dc0000,0x0000000017ec0000)]

Stack: [0x0000000017dc0000,0x0000000017ec0000]
[error occurred during error reporting (printing stack bounds), id 0xc0000005]

Native frames: (J=compiled Java code, j=interpreted, Vv=VM code, C=native code)


Current CompileTask:
C2:  19838 7940       4       com.sun.org.apache.xerces.internal.dom.NodeImpl::setUserData (12 bytes)


---------------  P R O C E S S  ---------------

Java Threads: ( => current thread )
  0x000000001ceaa800 JavaThread "stdout" daemon [_thread_in_native, id=6664, stack(0x0000000025720000,0x0000000025820000)]
  0x000000001cea9800 JavaThread "stderr" daemon [_thread_in_native, id=11728, stack(0x0000000025620000,0x0000000025720000)]
  0x000000001ceac000 JavaThread "stdout" daemon [_thread_in_native, id=13240, stack(0x0000000025520000,0x0000000025620000)]
  0x000000001cea8000 JavaThread "stderr" daemon [_thread_in_native, id=13564, stack(0x0000000025420000,0x0000000025520000)]
  0x000000001cea6800 JavaThread "stdout" daemon [_thread_in_native, id=2204, stack(0x0000000025320000,0x0000000025420000)]
  0x000000001cea7800 JavaThread "stderr" daemon [_thread_in_native, id=6848, stack(0x0000000025220000,0x0000000025320000)]
  0x000000001ec86800 JavaThread "stdout" daemon [_thread_in_native, id=4680, stack(0x0000000024c20000,0x0000000024d20000)]
  0x000000001ec85000 JavaThread "stderr" daemon [_thread_in_native, id=7748, stack(0x0000000024b20000,0x0000000024c20000)]
  0x000000001ec82800 JavaThread "stdout" daemon [_thread_in_native, id=6080, stack(0x0000000024a20000,0x0000000024b20000)]
  0x000000001ec83800 JavaThread "stderr" daemon [_thread_in_native, id=12140, stack(0x0000000024920000,0x0000000024a20000)]
  0x000000001ec85800 JavaThread "stdout" daemon [_thread_in_native, id=11368, stack(0x0000000024820000,0x0000000024920000)]
  0x000000001ec84000 JavaThread "stderr" daemon [_thread_in_native, id=2880, stack(0x0000000024720000,0x0000000024820000)]
  0x000000001ec7a800 JavaThread "stdout" daemon [_thread_in_native, id=10708, stack(0x0000000024620000,0x0000000024720000)]
  0x000000001ec80800 JavaThread "stderr" daemon [_thread_in_native, id=6152, stack(0x0000000024520000,0x0000000024620000)]
  0x000000001ec81000 JavaThread "stdout" daemon [_thread_in_native, id=12316, stack(0x0000000024420000,0x0000000024520000)]
  0x000000001ec79800 JavaThread "stderr" daemon [_thread_in_native, id=12328, stack(0x0000000024320000,0x0000000024420000)]
  0x000000001ec78800 JavaThread "png-cruncher_15" daemon [_thread_blocked, id=11396, stack(0x0000000024220000,0x0000000024320000)]
  0x000000001ec7f800 JavaThread "png-cruncher_14" daemon [_thread_blocked, id=9184, stack(0x0000000024120000,0x0000000024220000)]
  0x000000001ec7e000 JavaThread "png-cruncher_13" daemon [_thread_blocked, id=10640, stack(0x0000000024020000,0x0000000024120000)]
  0x000000001ec78000 JavaThread "png-cruncher_12" daemon [_thread_blocked, id=3900, stack(0x0000000023f20000,0x0000000024020000)]
  0x000000001ec7f000 JavaThread "png-cruncher_11" daemon [_thread_blocked, id=7240, stack(0x0000000023e20000,0x0000000023f20000)]
  0x000000001ec7d800 JavaThread "png-cruncher_10" daemon [_thread_blocked, id=6404, stack(0x0000000023d20000,0x0000000023e20000)]
  0x000000001ec7b000 JavaThread "png-cruncher_9" daemon [_thread_blocked, id=12348, stack(0x0000000023c20000,0x0000000023d20000)]
  0x000000001ec7c800 JavaThread "png-cruncher_8" daemon [_thread_blocked, id=1640, stack(0x0000000023b20000,0x0000000023c20000)]
  0x000000001ec7c000 JavaThread "png-cruncher_7" daemon [_thread_blocked, id=11476, stack(0x0000000023a20000,0x0000000023b20000)]
  0x000000001c89c000 JavaThread "png-cruncher_6" daemon [_thread_blocked, id=4824, stack(0x0000000023920000,0x0000000023a20000)]
  0x000000001c024800 JavaThread "stdout" daemon [_thread_in_native, id=7844, stack(0x0000000023820000,0x0000000023920000)]
  0x000000001c024000 JavaThread "stderr" daemon [_thread_in_native, id=5864, stack(0x0000000023720000,0x0000000023820000)]
  0x000000001c025800 JavaThread "stdout" daemon [_thread_in_native, id=11920, stack(0x0000000023620000,0x0000000023720000)]
  0x000000001c022800 JavaThread "stderr" daemon [_thread_in_native, id=3160, stack(0x0000000023520000,0x0000000023620000)]
  0x000000001c021800 JavaThread "stdout" daemon [_thread_in_native, id=10192, stack(0x0000000023420000,0x0000000023520000)]
  0x000000001c020000 JavaThread "stderr" daemon [_thread_in_native, id=10880, stack(0x0000000023320000,0x0000000023420000)]
  0x000000001c026000 JavaThread "stdout" daemon [_thread_in_native, id=9436, stack(0x0000000023220000,0x0000000023320000)]
  0x000000001c023000 JavaThread "stderr" daemon [_thread_in_native, id=9136, stack(0x0000000023120000,0x0000000023220000)]
  0x000000001c021000 JavaThread "stdout" daemon [_thread_in_native, id=5020, stack(0x0000000023020000,0x0000000023120000)]
  0x000000001c018800 JavaThread "stderr" daemon [_thread_in_native, id=9316, stack(0x0000000022f20000,0x0000000023020000)]
  0x000000001c01e800 JavaThread "pool-4-thread-1" [_thread_blocked, id=6448, stack(0x0000000022e20000,0x0000000022f20000)]
  0x000000001c01c000 JavaThread "png-cruncher_5" daemon [_thread_blocked, id=4956, stack(0x0000000022d20000,0x0000000022e20000)]
  0x000000001c01f800 JavaThread "png-cruncher_4" daemon [_thread_blocked, id=12484, stack(0x0000000022c20000,0x0000000022d20000)]
  0x000000001c017800 JavaThread "png-cruncher_3" daemon [_thread_blocked, id=8876, stack(0x0000000022b20000,0x0000000022c20000)]
  0x000000001c01b800 JavaThread "png-cruncher_2" daemon [_thread_blocked, id=10484, stack(0x0000000022a20000,0x0000000022b20000)]
  0x000000001c017000 JavaThread "png-cruncher_1" daemon [_thread_blocked, id=8404, stack(0x0000000022920000,0x0000000022a20000)]
  0x000000001c01d800 JavaThread "pool-3-thread-4" [_thread_in_native, id=11824, stack(0x0000000022720000,0x0000000022820000)]
  0x000000001c01a800 JavaThread "pool-3-thread-3" [_thread_in_native, id=12688, stack(0x0000000022620000,0x0000000022720000)]
  0x000000001c019000 JavaThread "pool-3-thread-2" [_thread_in_native, id=196, stack(0x0000000022520000,0x0000000022620000)]
  0x000000001c01d000 JavaThread "pool-3-thread-1" [_thread_in_native, id=12840, stack(0x0000000020130000,0x0000000020230000)]
  0x0000000019d8c800 JavaThread "File lock request listener" [_thread_in_native, id=8444, stack(0x000000001d3e0000,0x000000001d4e0000)]
  0x0000000019663800 JavaThread "Stdin handler" [_thread_blocked, id=10180, stack(0x000000001ab40000,0x000000001ac40000)]
  0x0000000019662800 JavaThread "Asynchronous log dispatcher for org.gradle.launcher.daemon.server.DefaultDaemonConnection@4093b627" [_thread_blocked, id=9072, stack(0x000000001aa40000,0x000000001ab40000)]
  0x0000000019656000 JavaThread "Daemon worker" [_thread_in_native, id=7388, stack(0x000000001a940000,0x000000001aa40000)]
  0x0000000019651800 JavaThread "Cancel handler" [_thread_blocked, id=13560, stack(0x000000001a840000,0x000000001a940000)]
  0x0000000019627800 JavaThread "Handler for socket connection from /127.0.0.1:52928 to /127.0.0.1:52929" [_thread_in_native, id=8952, stack(0x000000001a740000,0x000000001a840000)]
  0x0000000019284800 JavaThread "Daemon" [_thread_blocked, id=13040, stack(0x000000001a640000,0x000000001a740000)]
  0x0000000019381800 JavaThread "pool-1-thread-1" [_thread_blocked, id=2824, stack(0x000000001a540000,0x000000001a640000)]
  0x0000000019579000 JavaThread "Incoming local TCP Connector on port 52928" [_thread_in_native, id=13924, stack(0x0000000018de0000,0x0000000018ee0000)]
  0x0000000017fe0800 JavaThread "Service Thread" daemon [_thread_blocked, id=11544, stack(0x00000000183c0000,0x00000000184c0000)]
  0x000000001667a000 JavaThread "C1 CompilerThread2" daemon [_thread_blocked, id=10316, stack(0x0000000017ec0000,0x0000000017fc0000)]
=>0x000000001666e000 JavaThread "C2 CompilerThread1" daemon [_thread_in_native, id=4920, stack(0x0000000017dc0000,0x0000000017ec0000)]
  0x000000001666c000 JavaThread "C2 CompilerThread0" daemon [_thread_in_native, id=11868, stack(0x0000000017cc0000,0x0000000017dc0000)]
  0x000000001666a800 JavaThread "Attach Listener" daemon [_thread_blocked, id=5596, stack(0x0000000017bc0000,0x0000000017cc0000)]
  0x0000000016677800 JavaThread "Signal Dispatcher" daemon [_thread_blocked, id=10416, stack(0x0000000017ac0000,0x0000000017bc0000)]
  0x0000000016658800 JavaThread "Finalizer" daemon [_thread_blocked, id=3748, stack(0x00000000178d0000,0x00000000179d0000)]
  0x0000000002cd2800 JavaThread "Reference Handler" daemon [_thread_blocked, id=12028, stack(0x00000000177d0000,0x00000000178d0000)]
  0x0000000002be0800 JavaThread "main" [_thread_blocked, id=10856, stack(0x0000000002a90000,0x0000000002b90000)]

Other Threads:
  0x0000000016635800 VMThread [stack: 0x00000000176d0000,0x00000000177d0000] [id=5756]
  0x00000000166cc800 WatcherThread [stack: 0x00000000184c0000,0x00000000185c0000] [id=13712]

VM state:not at safepoint (normal execution)

VM Mutex/Monitor currently owned by a thread: None

Heap:
 PSYoungGen      total 180736K, used 45250K [0x00000000e0000000, 0x00000000ef180000, 0x0000000100000000)
  eden space 164352K, 17% used [0x00000000e0000000,0x00000000e1c34960,0x00000000ea080000)
  from space 16384K, 99% used [0x00000000ea080000,0x00000000eb07bfe0,0x00000000eb080000)
  to   space 22528K, 0% used [0x00000000edb80000,0x00000000edb80000,0x00000000ef180000)
 ParOldGen       total 96768K, used 31812K [0x00000000a0000000, 0x00000000a5e80000, 0x00000000e0000000)
  object space 96768K, 32% used [0x00000000a0000000,0x00000000a1f11280,0x00000000a5e80000)
 Metaspace       used 51227K, capacity 52594K, committed 52736K, reserved 1095680K
  class space    used 6755K, capacity 7099K, committed 7168K, reserved 1048576K

Card table byte_map: [0x00000000120a0000,0x00000000123b0000] byte_map_base: 0x0000000011ba0000

Marking Bits: (ParMarkBitMap*) 0x00000000715b9d00
 Begin Bits: [0x00000000129b0000, 0x00000000141b0000)
 End Bits:   [0x00000000141b0000, 0x00000000159b0000)

Polling page: 0x0000000002b90000

CodeCache: size=245760Kb used=22984Kb max_used=24961Kb free=222775Kb
 bounds [0x0000000002ce0000, 0x0000000004580000, 0x0000000011ce0000]
 total_blobs=7537 nmethods=6828 adapters=620
 compilation: enabled

Compilation events (10 events):
Event: 19.805 Thread 0x000000001667a000 7951       3       java.util.concurrent.locks.AbstractQueuedSynchronizer::acquire (27 bytes)
Event: 19.806 Thread 0x000000001667a000 nmethod 7951 0x0000000003010450 code [0x0000000003010600, 0x0000000003010ab8]
Event: 19.807 Thread 0x000000001667a000 7954       3       com.google.common.base.Objects$ToStringHelper::<init> (41 bytes)
Event: 19.808 Thread 0x000000001667a000 nmethod 7954 0x000000000313eb90 code [0x000000000313ed20, 0x000000000313f1e8]
Event: 19.809 Thread 0x000000001667a000 7952       3       com.google.common.util.concurrent.AbstractFuture::set (22 bytes)
Event: 19.809 Thread 0x000000001667a000 nmethod 7952 0x000000000380a290 code [0x000000000380a420, 0x000000000380a798]
Event: 19.810 Thread 0x000000001667a000 7953       3       com.google.common.util.concurrent.AbstractFuture$Sync::set (8 bytes)
Event: 19.810 Thread 0x000000001667a000 nmethod 7953 0x0000000003030190 code [0x0000000003030300, 0x00000000030304a8]
Event: 19.832 Thread 0x000000001667a000 7960       3       com.google.common.util.concurrent.AbstractFuture$Sync::tryReleaseShared (7 bytes)
Event: 19.832 Thread 0x000000001667a000 nmethod 7960 0x0000000002ffe050 code [0x0000000002ffe1a0, 0x0000000002ffe3d0]

GC Heap History (10 events):
Event: 8.367 GC heap before
{Heap before GC invocations=9 (full 1):
 PSYoungGen      total 104448K, used 24437K [0x00000000e0000000, 0x00000000e9800000, 0x0000000100000000)
  eden space 94208K, 15% used [0x00000000e0000000,0x00000000e0ddf460,0x00000000e5c00000)
  from space 10240K, 99% used [0x00000000e5c00000,0x00000000e65fe320,0x00000000e6600000)
  to   space 11776K, 0% used [0x00000000e8c80000,0x00000000e8c80000,0x00000000e9800000)
 ParOldGen       total 67584K, used 14627K [0x00000000a0000000, 0x00000000a4200000, 0x00000000e0000000)
  object space 67584K, 21% used [0x00000000a0000000,0x00000000a0e48d18,0x00000000a4200000)
 Metaspace       used 34662K, capacity 35240K, committed 35496K, reserved 1079296K
  class space    used 4647K, capacity 4849K, committed 4864K, reserved 1048576K
Event: 8.382 GC heap after
Heap after GC invocations=9 (full 1):
 PSYoungGen      total 143872K, used 8456K [0x00000000e0000000, 0x00000000ea080000, 0x0000000100000000)
  eden space 132096K, 0% used [0x00000000e0000000,0x00000000e0000000,0x00000000e8100000)
  from space 11776K, 71% used [0x00000000e8c80000,0x00000000e94c23f0,0x00000000e9800000)
  to   space 11776K, 0% used [0x00000000e8100000,0x00000000e8100000,0x00000000e8c80000)
 ParOldGen       total 67584K, used 14635K [0x00000000a0000000, 0x00000000a4200000, 0x00000000e0000000)
  object space 67584K, 21% used [0x00000000a0000000,0x00000000a0e4ad18,0x00000000a4200000)
 Metaspace       used 34662K, capacity 35240K, committed 35496K, reserved 1079296K
  class space    used 4647K, capacity 4849K, committed 4864K, reserved 1048576K
}
Event: 8.382 GC heap before
{Heap before GC invocations=10 (full 2):
 PSYoungGen      total 143872K, used 8456K [0x00000000e0000000, 0x00000000ea080000, 0x0000000100000000)
  eden space 132096K, 0% used [0x00000000e0000000,0x00000000e0000000,0x00000000e8100000)
  from space 11776K, 71% used [0x00000000e8c80000,0x00000000e94c23f0,0x00000000e9800000)
  to   space 11776K, 0% used [0x00000000e8100000,0x00000000e8100000,0x00000000e8c80000)
 ParOldGen       total 67584K, used 14635K [0x00000000a0000000, 0x00000000a4200000, 0x00000000e0000000)
  object space 67584K, 21% used [0x00000000a0000000,0x00000000a0e4ad18,0x00000000a4200000)
 Metaspace       used 34662K, capacity 35240K, committed 35496K, reserved 1079296K
  class space    used 4647K, capacity 4849K, committed 4864K, reserved 1048576K
Event: 8.485 GC heap after
Heap after GC invocations=10 (full 2):
 PSYoungGen      total 143872K, used 0K [0x00000000e0000000, 0x00000000ea080000, 0x0000000100000000)
  eden space 132096K, 0% used [0x00000000e0000000,0x00000000e0000000,0x00000000e8100000)
  from space 11776K, 0% used [0x00000000e8c80000,0x00000000e8c80000,0x00000000e9800000)
  to   space 11776K, 0% used [0x00000000e8100000,0x00000000e8100000,0x00000000e8c80000)
 ParOldGen       total 96768K, used 15128K [0x00000000a0000000, 0x00000000a5e80000, 0x00000000e0000000)
  object space 96768K, 15% used [0x00000000a0000000,0x00000000a0ec6128,0x00000000a5e80000)
 Metaspace       used 34662K, capacity 35240K, committed 35496K, reserved 1079296K
  class space    used 4647K, capacity 4849K, committed 4864K, reserved 1048576K
}
Event: 10.613 GC heap before
{Heap before GC invocations=11 (full 2):
 PSYoungGen      total 143872K, used 132096K [0x00000000e0000000, 0x00000000ea080000, 0x0000000100000000)
  eden space 132096K, 100% used [0x00000000e0000000,0x00000000e8100000,0x00000000e8100000)
  from space 11776K, 0% used [0x00000000e8c80000,0x00000000e8c80000,0x00000000e9800000)
  to   space 11776K, 0% used [0x00000000e8100000,0x00000000e8100000,0x00000000e8c80000)
 ParOldGen       total 96768K, used 15128K [0x00000000a0000000, 0x00000000a5e80000, 0x00000000e0000000)
  object space 96768K, 15% used [0x00000000a0000000,0x00000000a0ec6128,0x00000000a5e80000)
 Metaspace       used 42745K, capacity 43644K, committed 44160K, reserved 1087488K
  class space    used 5675K, capacity 5936K, committed 6016K, reserved 1048576K
Event: 10.630 GC heap after
Heap after GC invocations=11 (full 2):
 PSYoungGen      total 143872K, used 10614K [0x00000000e0000000, 0x00000000ebd80000, 0x0000000100000000)
  eden space 132096K, 0% used [0x00000000e0000000,0x00000000e0000000,0x00000000e8100000)
  from space 11776K, 90% used [0x00000000e8100000,0x00000000e8b5db50,0x00000000e8c80000)
  to   space 12800K, 0% used [0x00000000eb100000,0x00000000eb100000,0x00000000ebd80000)
 ParOldGen       total 96768K, used 15200K [0x00000000a0000000, 0x00000000a5e80000, 0x00000000e0000000)
  object space 96768K, 15% used [0x00000000a0000000,0x00000000a0ed8138,0x00000000a5e80000)
 Metaspace       used 42745K, capacity 43644K, committed 44160K, reserved 1087488K
  class space    used 5675K, capacity 5936K, committed 6016K, reserved 1048576K
}
Event: 16.058 GC heap before
{Heap before GC invocations=12 (full 2):
 PSYoungGen      total 143872K, used 142710K [0x00000000e0000000, 0x00000000ebd80000, 0x0000000100000000)
  eden space 132096K, 100% used [0x00000000e0000000,0x00000000e8100000,0x00000000e8100000)
  from space 11776K, 90% used [0x00000000e8100000,0x00000000e8b5db50,0x00000000e8c80000)
  to   space 12800K, 0% used [0x00000000eb100000,0x00000000eb100000,0x00000000ebd80000)
 ParOldGen       total 96768K, used 15200K [0x00000000a0000000, 0x00000000a5e80000, 0x00000000e0000000)
  object space 96768K, 15% used [0x00000000a0000000,0x00000000a0ed8138,0x00000000a5e80000)
 Metaspace       used 48700K, capacity 49968K, committed 50176K, reserved 1093632K
  class space    used 6491K, capacity 6816K, committed 6912K, reserved 1048576K
Event: 16.084 GC heap after
Heap after GC invocations=12 (full 2):
 PSYoungGen      total 177152K, used 12783K [0x00000000e0000000, 0x00000000ec080000, 0x0000000100000000)
  eden space 164352K, 0% used [0x00000000e0000000,0x00000000e0000000,0x00000000ea080000)
  from space 12800K, 99% used [0x00000000eb100000,0x00000000ebd7bff0,0x00000000ebd80000)
  to   space 16384K, 0% used [0x00000000ea080000,0x00000000ea080000,0x00000000eb080000)
 ParOldGen       total 96768K, used 21209K [0x00000000a0000000, 0x00000000a5e80000, 0x00000000e0000000)
  object space 96768K, 21% used [0x00000000a0000000,0x00000000a14b6728,0x00000000a5e80000)
 Metaspace       used 48700K, capacity 49968K, committed 50176K, reserved 1093632K
  class space    used 6491K, capacity 6816K, committed 6912K, reserved 1048576K
}
Event: 19.285 GC heap before
{Heap before GC invocations=13 (full 2):
 PSYoungGen      total 177152K, used 177135K [0x00000000e0000000, 0x00000000ec080000, 0x0000000100000000)
  eden space 164352K, 100% used [0x00000000e0000000,0x00000000ea080000,0x00000000ea080000)
  from space 12800K, 99% used [0x00000000eb100000,0x00000000ebd7bff0,0x00000000ebd80000)
  to   space 16384K, 0% used [0x00000000ea080000,0x00000000ea080000,0x00000000eb080000)
 ParOldGen       total 96768K, used 21209K [0x00000000a0000000, 0x00000000a5e80000, 0x00000000e0000000)
  object space 96768K, 21% used [0x00000000a0000000,0x00000000a14b6728,0x00000000a5e80000)
 Metaspace       used 51131K, capacity 52466K, committed 52736K, reserved 1095680K
  class space    used 6752K, capacity 7099K, committed 7168K, reserved 1048576K
Event: 19.317 GC heap after
Heap after GC invocations=13 (full 2):
 PSYoungGen      total 180736K, used 16367K [0x00000000e0000000, 0x00000000ef180000, 0x0000000100000000)
  eden space 164352K, 0% used [0x00000000e0000000,0x00000000e0000000,0x00000000ea080000)
  from space 16384K, 99% used [0x00000000ea080000,0x00000000eb07bfe0,0x00000000eb080000)
  to   space 22528K, 0% used [0x00000000edb80000,0x00000000edb80000,0x00000000ef180000)
 ParOldGen       total 96768K, used 31812K [0x00000000a0000000, 0x00000000a5e80000, 0x00000000e0000000)
  object space 96768K, 32% used [0x00000000a0000000,0x00000000a1f11280,0x00000000a5e80000)
 Metaspace       used 51131K, capacity 52466K, committed 52736K, reserved 1095680K
  class space    used 6752K, capacity 7099K, committed 7168K, reserved 1048576K
}

Deoptimization events (10 events):
Event: 19.172 Thread 0x0000000019656000 Uncommon trap: reason=class_check action=maybe_recompile pc=0x0000000003c5ca3c method=com.sun.org.apache.xerces.internal.dom.NamedNodeMapImpl.findNamePoint(Ljava/lang/String;I)I @ 54
Event: 19.172 Thread 0x0000000019656000 Uncommon trap: reason=class_check action=maybe_recompile pc=0x0000000003c5ca3c method=com.sun.org.apache.xerces.internal.dom.NamedNodeMapImpl.findNamePoint(Ljava/lang/String;I)I @ 54
Event: 19.172 Thread 0x0000000019656000 Uncommon trap: reason=class_check action=maybe_recompile pc=0x0000000003c5ca3c method=com.sun.org.apache.xerces.internal.dom.NamedNodeMapImpl.findNamePoint(Ljava/lang/String;I)I @ 54
Event: 19.172 Thread 0x0000000019656000 Uncommon trap: reason=class_check action=maybe_recompile pc=0x0000000003c5ca3c method=com.sun.org.apache.xerces.internal.dom.NamedNodeMapImpl.findNamePoint(Ljava/lang/String;I)I @ 54
Event: 19.173 Thread 0x000000001c01d800 Uncommon trap: reason=class_check action=maybe_recompile pc=0x0000000003b0edd8 method=java.util.concurrent.ConcurrentHashMap.putVal(Ljava/lang/Object;Ljava/lang/Object;Z)Ljava/lang/Object; @ 192
Event: 19.247 Thread 0x000000001c01e800 Uncommon trap: reason=unstable_if action=reinterpret pc=0x0000000003c62584 method=java.util.regex.Matcher.appendReplacement(Ljava/lang/StringBuffer;Ljava/lang/String;)Ljava/util/regex/Matcher; @ 47
Event: 19.318 Thread 0x000000001c017800 Uncommon trap: reason=unstable_if action=reinterpret pc=0x00000000041d5cb4 method=java.util.concurrent.locks.ReentrantLock$Sync.nonfairTryAcquire(I)Z @ 34
Event: 19.343 Thread 0x0000000019656000 Uncommon trap: reason=unstable_if action=reinterpret pc=0x0000000004546d24 method=com.sun.org.apache.xerces.internal.dom.ChildNode.parentNode()Lcom/sun/org/apache/xerces/internal/dom/NodeImpl; @ 4
Event: 19.479 Thread 0x000000001c017000 Uncommon trap: reason=unstable_if action=reinterpret pc=0x00000000034f0708 method=java.util.concurrent.ConcurrentHashMap.get(Ljava/lang/Object;)Ljava/lang/Object; @ 86
Event: 19.712 Thread 0x000000001c01a800 Uncommon trap: reason=unstable_if action=reinterpret pc=0x000000000425f1dc method=java.util.concurrent.locks.ReentrantLock$Sync.nonfairTryAcquire(I)Z @ 34

Internal exceptions (10 events):
Event: 12.223 Thread 0x0000000019656000 Exception <a 'java/lang/ClassNotFoundException': org/gradle/model/internal/core/ModelMapGroovyViewCustomizer> (0x00000000e55ab2f8) thrown at [C:\src\android\AOSP-openjdk\external\jetbrains\jdk\hotspot\src\share\vm\classfile\systemDictionary.cpp, line 210]
Event: 12.224 Thread 0x0000000019656000 Exception <a 'java/lang/ClassNotFoundException': org/gradle/model/internal/core/NodeBackedModelMapCustomizer> (0x00000000e55ceb28) thrown at [C:\src\android\AOSP-openjdk\external\jetbrains\jdk\hotspot\src\share\vm\classfile\systemDictionary.cpp, line 210]
Event: 12.228 Thread 0x0000000019656000 Exception <a 'java/lang/ClassNotFoundException': org/gradle/platform/base/BinaryContainer_ImplCustomizer> (0x00000000e562bad0) thrown at [C:\src\android\AOSP-openjdk\external\jetbrains\jdk\hotspot\src\share\vm\classfile\systemDictionary.cpp, line 210]
Event: 12.534 Thread 0x0000000019656000 Exception <a 'java/lang/NoSuchMethodError': <clinit>> (0x00000000e5ccd378) thrown at [C:\src\android\AOSP-openjdk\external\jetbrains\jdk\hotspot\src\share\vm\prims\jni.cpp, line 1591]
Event: 12.536 Thread 0x0000000019656000 Exception <a 'java/lang/NoSuchMethodError': <clinit>> (0x00000000e5cda360) thrown at [C:\src\android\AOSP-openjdk\external\jetbrains\jdk\hotspot\src\share\vm\prims\jni.cpp, line 1591]
Event: 14.131 Thread 0x0000000019656000 Exception <a 'java/lang/NoSuchMethodError': <clinit>> (0x00000000e6122878) thrown at [C:\src\android\AOSP-openjdk\external\jetbrains\jdk\hotspot\src\share\vm\prims\jni.cpp, line 1591]
Event: 14.133 Thread 0x0000000019656000 Exception <a 'java/lang/NoSuchMethodError': <clinit>> (0x00000000e613b088) thrown at [C:\src\android\AOSP-openjdk\external\jetbrains\jdk\hotspot\src\share\vm\prims\jni.cpp, line 1591]
Event: 14.133 Thread 0x0000000019656000 Exception <a 'java/lang/NoSuchMethodError': <clinit>> (0x00000000e613c5a0) thrown at [C:\src\android\AOSP-openjdk\external\jetbrains\jdk\hotspot\src\share\vm\prims\jni.cpp, line 1591]
Event: 14.199 Thread 0x0000000019656000 Exception <a 'java/lang/ClassNotFoundException': com/android/build/gradle/internal/LibraryCache$1BeanInfo> (0x00000000e6316ce8) thrown at [C:\src\android\AOSP-openjdk\external\jetbrains\jdk\hotspot\src\share\vm\classfile\systemDictionary.cpp, line 210]
Event: 14.199 Thread 0x0000000019656000 Exception <a 'java/lang/ClassNotFoundException': com/android/build/gradle/internal/LibraryCache$1Customizer> (0x00000000e6327580) thrown at [C:\src\android\AOSP-openjdk\external\jetbrains\jdk\hotspot\src\share\vm\classfile\systemDictionary.cpp, line 210]

Events (10 events):
Event: 19.832 Thread 0x000000001667a000 flushing nmethod 0x0000000003c99450
Event: 19.832 Thread 0x000000001667a000 flushing nmethod 0x0000000003c99a10
Event: 19.832 Thread 0x000000001667a000 flushing nmethod 0x0000000003caa790
Event: 19.832 Thread 0x000000001667a000 flushing nmethod 0x0000000003cbbad0
Event: 19.833 Thread 0x000000001667a000 flushing nmethod 0x0000000003ccbd90
Event: 19.833 Thread 0x000000001667a000 flushing nmethod 0x0000000003cdb7d0
Event: 19.833 Thread 0x000000001667a000 flushing nmethod 0x0000000003cdc9d0
Event: 19.833 Thread 0x000000001667a000 flushing nmethod 0x0000000003cfbc10
Event: 19.833 Thread 0x000000001667a000 flushing nmethod 0x0000000003cfd0d0
Event: 19.833 Thread 0x000000001667a000 flushing nmethod 0x0000000003d08ed0


Dynamic libraries:
0x00007ff7dce00000 - 0x00007ff7dce31000 	C:\Program Files\Android\Android Studio\jre\bin\java.exe
0x00007ffaf46a0000 - 0x00007ffaf4871000 	C:\Windows\SYSTEM32\ntdll.dll
0x00007ffaf22d0000 - 0x00007ffaf237b000 	C:\Windows\System32\KERNEL32.DLL
0x00007ffaf1740000 - 0x00007ffaf195d000 	C:\Windows\System32\KERNELBASE.dll
0x00007ffaf26a0000 - 0x00007ffaf2742000 	C:\Windows\System32\ADVAPI32.dll
0x00007ffaf21c0000 - 0x00007ffaf225e000 	C:\Windows\System32\msvcrt.dll
0x00007ffaf4570000 - 0x00007ffaf45c9000 	C:\Windows\System32\sechost.dll
0x00007ffaf4000000 - 0x00007ffaf4121000 	C:\Windows\System32\RPCRT4.dll
0x00007ffaf2480000 - 0x00007ffaf25e5000 	C:\Windows\System32\USER32.dll
0x00007ffaf1960000 - 0x00007ffaf197e000 	C:\Windows\System32\win32u.dll
0x00007ffaf45d0000 - 0x00007ffaf4604000 	C:\Windows\System32\GDI32.dll
0x00007ffaf1aa0000 - 0x00007ffaf1c22000 	C:\Windows\System32\gdi32full.dll
0x00007ffae9cf0000 - 0x00007ffae9f6a000 	C:\Windows\WinSxS\amd64_microsoft.windows.common-controls_6595b64144ccf1df_6.0.14393.953_none_42151e83c686086b\COMCTL32.dll
0x00007ffaf1dd0000 - 0x00007ffaf2098000 	C:\Windows\System32\combase.dll
0x00007ffaf1440000 - 0x00007ffaf1535000 	C:\Windows\System32\ucrtbase.dll
0x00007ffaf1a30000 - 0x00007ffaf1a9a000 	C:\Windows\System32\bcryptPrimitives.dll
0x00007ffaf2810000 - 0x00007ffaf283e000 	C:\Windows\System32\IMM32.DLL
0x00007ffaf0a00000 - 0x00007ffaf0a31000 	C:\Windows\system32\DriverStore\FileRepository\nvmii.inf_amd64_d555f104864d7e48\nvinitx.dll
0x00007ffaf09f0000 - 0x00007ffaf09fa000 	C:\Windows\SYSTEM32\VERSION.dll
0x00007ffaf2850000 - 0x00007ffaf3d59000 	C:\Windows\System32\Shell32.dll
0x00007ffaf1980000 - 0x00007ffaf19c2000 	C:\Windows\System32\cfgmgr32.dll
0x00007ffaf0d60000 - 0x00007ffaf143a000 	C:\Windows\System32\windows.storage.dll
0x00007ffaf0b00000 - 0x00007ffaf0b4c000 	C:\Windows\System32\powrprof.dll
0x00007ffaf2750000 - 0x00007ffaf27a2000 	C:\Windows\System32\shlwapi.dll
0x00007ffaf0b50000 - 0x00007ffaf0b5f000 	C:\Windows\System32\kernel.appcore.dll
0x00007ffaf1690000 - 0x00007ffaf1739000 	C:\Windows\System32\shcore.dll
0x00007ffaf0b60000 - 0x00007ffaf0b74000 	C:\Windows\System32\profapi.dll
0x0000000072e90000 - 0x0000000072e96000 	C:\Program Files\NVIDIA Corporation\CoProcManager\_etoured.dll
0x00007ffaed8d0000 - 0x00007ffaed910800 	C:\Program Files\NVIDIA Corporation\CoProcManager\nvd3d9wrapx.dll
0x00007ffaf4140000 - 0x00007ffaf4569000 	C:\Windows\System32\SETUPAPI.dll
0x00007ffaed810000 - 0x00007ffaed83a000 	C:\Program Files\NVIDIA Corporation\CoProcManager\nvdxgiwrapx.dll
0x000000006eb80000 - 0x000000006ec52000 	C:\Program Files\Android\Android Studio\jre\jre\bin\msvcr100.dll
0x0000000070e00000 - 0x0000000071634000 	C:\Program Files\Android\Android Studio\jre\jre\bin\server\jvm.dll
0x00007ffaf25f0000 - 0x00007ffaf25f8000 	C:\Windows\System32\PSAPI.DLL
0x00007ffadaa90000 - 0x00007ffadaa99000 	C:\Windows\SYSTEM32\WSOCK32.dll
0x00007ffaf2260000 - 0x00007ffaf22ca000 	C:\Windows\System32\WS2_32.dll
0x00007ffaee810000 - 0x00007ffaee833000 	C:\Windows\SYSTEM32\WINMM.dll
0x0000000002a40000 - 0x0000000002a6b000 	C:\Windows\SYSTEM32\WINMMBASE.dll
0x00007ffae58d0000 - 0x00007ffae58df000 	C:\Program Files\Android\Android Studio\jre\jre\bin\verify.dll
0x00007ffaca430000 - 0x00007ffaca459000 	C:\Program Files\Android\Android Studio\jre\jre\bin\java.dll
0x00007ffad8430000 - 0x00007ffad8446000 	C:\Program Files\Android\Android Studio\jre\jre\bin\zip.dll
0x00007ffad64d0000 - 0x00007ffad64ea000 	C:\Program Files\Android\Android Studio\jre\jre\bin\net.dll
0x00007ffaf0380000 - 0x00007ffaf03dc000 	C:\Windows\system32\mswsock.dll
0x00007ffad53a0000 - 0x00007ffad53b1000 	C:\Program Files\Android\Android Studio\jre\jre\bin\nio.dll
0x00007ffac91f0000 - 0x00007ffac9202000 	C:\Users\Dmitry\.gradle\native\19\windows-amd64\native-platform.dll
0x00007ffaf0520000 - 0x00007ffaf0537000 	C:\Windows\SYSTEM32\CRYPTSP.dll
0x00007ffaeff80000 - 0x00007ffaeffb3000 	C:\Windows\system32\rsaenh.dll
0x00007ffaf0a40000 - 0x00007ffaf0a6b000 	C:\Windows\SYSTEM32\bcrypt.dll
0x00007ffaf0200000 - 0x00007ffaf021f000 	C:\Windows\SYSTEM32\USERENV.dll
0x00007ffaf0540000 - 0x00007ffaf054b000 	C:\Windows\SYSTEM32\CRYPTBASE.dll
0x00007ffaf0100000 - 0x00007ffaf0138000 	C:\Windows\SYSTEM32\IPHLPAPI.DLL
0x00007ffaf2840000 - 0x00007ffaf2848000 	C:\Windows\System32\NSI.dll
0x00007ffae9c40000 - 0x00007ffae9c56000 	C:\Windows\SYSTEM32\dhcpcsvc6.DLL
0x00007ffaea350000 - 0x00007ffaea36a000 	C:\Windows\SYSTEM32\dhcpcsvc.DLL
0x00007ffae5690000 - 0x00007ffae569d000 	C:\Program Files\Android\Android Studio\jre\jre\bin\management.dll

VM Arguments:
jvm_args: -Xmx1536m -Dfile.encoding=windows-1251 -Duser.country=RU -Duser.language=ru -Duser.variant 
java_command: org.gradle.launcher.daemon.bootstrap.GradleDaemon 2.14.1
java_class_path (initial): C:\Program Files\Android\Android Studio\gradle\gradle-2.14.1\lib\gradle-launcher-2.14.1.jar
Launcher Type: SUN_STANDARD

Environment Variables:
PATH=C:\ProgramData\Oracle\Java\javapath;C:\Windows\system32;C:\Windows;C:\Windows\System32\Wbem;C:\Windows\System32\WindowsPowerShell\v1.0\;C:\Program Files (x86)\Microsoft SQL Server\Client SDK\ODBC\130\Tools\Binn\;C:\Program Files (x86)\Microsoft SQL Server\130\Tools\Binn\;C:\Program Files (x86)\Microsoft SQL Server\130\DTS\Binn\;C:\Program Files (x86)\Microsoft SQL Server\130\Tools\Binn\ManagementStudio\;C:\Users\Dmitry\.dnx\bin;C:\Program Files\Microsoft DNX\Dnvm\;C:\Program Files\Microsoft SQL Server\120\Tools\Binn\;C:\Program Files\Microsoft SQL Server\130\Tools\Binn\;C:\Program Files\Microsoft SQL Server\Client SDK\ODBC\110\Tools\Binn\;C:\Program Files (x86)\Microsoft SQL Server\120\Tools\Binn\;C:\Program Files\Microsoft SQL Server\120\DTS\Binn\;C:\Program Files (x86)\Microsoft SQL Server\120\Tools\Binn\ManagementStudio\;C:\Program Files (x86)\Microsoft SQL Server\120\DTS\Binn\;C:\Program Files\MATLAB\R2017a\bin;C:\Program Files (x86)\NVIDIA Corporation\PhysX\Common;C:\Users\Dmitry\AppData\Local\Microsoft\WindowsApps;
USERNAME=Dmitry
OS=Windows_NT
PROCESSOR_IDENTIFIER=Intel64 Family 6 Model 42 Stepping 7, GenuineIntel



---------------  S Y S T E M  ---------------

OS: Windows 10.0 , 64 bit Build 14393 (10.0.14393.0)

CPU:total 4 (2 cores per cpu, 2 threads per core) family 6 model 42 stepping 7, cmov, cx8, fxsr, mmx, sse, sse2, sse3, ssse3, sse4.1, sse4.2, popcnt, avx, aes, clmul, ht, tsc, tscinvbit

Memory: 4k page, physical 8293780k(828348k free), swap 8293780k(5272k free)

vm_info: OpenJDK 64-Bit Server VM (25.76-b03) for windows-amd64 JRE (1.8.0_76-release-b03), built on Jun 29 2016 19:09:20 by "ralucas" with MS VC++ 10.0 (VS2010)

time: Tue Apr 11 20:27:00 2017
elapsed time: 19 seconds (0d 0h 0m 19s)

